[2m4:45:27 pm[22m [31m[1m[vite][22m[39m Pre-transform error: Failed to resolve import "framer-motion" from "src/components/intelligence/PredictionCard.jsx". Does the file exist?
[2m9:42:31 am[22m [31m[1m[vite][22m[39m [31mInternal server error: Failed to resolve import "framer-motion" from "src/components/intelligence/PredictionCard.jsx". Does the file exist?[39m
  Plugin: [35mvite:import-analysis[39m
  File: [36mC:/Users/MSI/Desktop/smart-approval-workflow-dashboard-main/frontend/src/components/intelligence/PredictionCard.jsx[39m:1:23
[33m  15 |    window.$RefreshSig$ = RefreshRuntime.createSignatureFunctionForTransform;
  16 |  }
  17 |  import { motion } from "framer-motion";
     |                          ^
  18 |  const PredictionCard = ({ prediction, loading, error }) => {
  19 |    const approvalChance = Number(prediction?.approvalChance || 0);[39m
      at TransformPluginContext._formatError (file:///C:/Users/MSI/Desktop/smart-approval-workflow-dashboard-main/frontend/node_modules/vite/dist/node/chunks/dep-BK3b2jBa.js:49258:41)
      at TransformPluginContext.error (file:///C:/Users/MSI/Desktop/smart-approval-workflow-dashboard-main/frontend/node_modules/vite/dist/node/chunks/dep-BK3b2jBa.js:49253:16)
      at normalizeUrl (file:///C:/Users/MSI/Desktop/smart-approval-workflow-dashboard-main/frontend/node_modules/vite/dist/node/chunks/dep-BK3b2jBa.js:64307:23)
      at process.processTicksAndRejections (node:internal/process/task_queues:103:5)
      at async file:///C:/Users/MSI/Desktop/smart-approval-workflow-dashboard-main/frontend/node_modules/vite/dist/node/chunks/dep-BK3b2jBa.js:64439:39
      at async Promise.all (index 3)
      at async TransformPluginContext.transform (file:///C:/Users/MSI/Desktop/smart-approval-workflow-dashboard-main/frontend/node_modules/vite/dist/node/chunks/dep-BK3b2jBa.js:64366:7)
      at async PluginContainer.transform (file:///C:/Users/MSI/Desktop/smart-approval-workflow-dashboard-main/frontend/node_modules/vite/dist/node/chunks/dep-BK3b2jBa.js:49099:18)
      at async loadAndTransform (file:///C:/Users/MSI/Desktop/smart-approval-workflow-dashboard-main/frontend/node_modules/vite/dist/node/chunks/dep-BK3b2jBa.js:51978:27)
      at async viteTransformMiddleware (file:///C:/Users/MSI/Desktop/smart-approval-workflow-dashboard-main/frontend/node_modules/vite/dist/node/chunks/dep-BK3b2jBa.js:62106:24)
[2m9:42:52 am[22m [31m[1m[vite][22m[39m [31mInternal server error: Failed to resolve import "framer-motion" from "src/components/intelligence/PredictionCard.jsx". Does the file exist?[39m
  Plugin: [35mvite:import-analysis[39m
  File: [36mC:/Users/MSI/Desktop/smart-approval-workflow-dashboard-main/frontend/src/components/intelligence/PredictionCard.jsx[39m:1:23
[33m  15 |    window.$RefreshSig$ = RefreshRuntime.createSignatureFunctionForTransform;
  16 |  }
  17 |  import { motion } from "framer-motion";
     |                          ^
  18 |  const PredictionCard = ({ prediction, loading, error }) => {
  19 |    const approvalChance = Number(prediction?.approvalChance || 0);[39m
      at TransformPluginContext._formatError (file:///C:/Users/MSI/Desktop/smart-approval-workflow-dashboard-main/frontend/node_modules/vite/dist/node/chunks/dep-BK3b2jBa.js:49258:41)
      at TransformPluginContext.error (file:///C:/Users/MSI/Desktop/smart-approval-workflow-dashboard-main/frontend/node_modules/vite/dist/node/chunks/dep-BK3b2jBa.js:49253:16)
      at normalizeUrl (file:///C:/Users/MSI/Desktop/smart-approval-workflow-dashboard-main/frontend/node_modules/vite/dist/node/chunks/dep-BK3b2jBa.js:64307:23)
      at process.processTicksAndRejections (node:internal/process/task_queues:103:5)
      at async file:///C:/Users/MSI/Desktop/smart-approval-workflow-dashboard-main/frontend/node_modules/vite/dist/node/chunks/dep-BK3b2jBa.js:64439:39
      at async Promise.all (index 3)
      at async TransformPluginContext.transform (file:///C:/Users/MSI/Desktop/smart-approval-workflow-dashboard-main/frontend/node_modules/vite/dist/node/chunks/dep-BK3b2jBa.js:64366:7)
      at async PluginContainer.transform (file:///C:/Users/MSI/Desktop/smart-approval-workflow-dashboard-main/frontend/node_modules/vite/dist/node/chunks/dep-BK3b2jBa.js:49099:18)
      at async loadAndTransform (file:///C:/Users/MSI/Desktop/smart-approval-workflow-dashboard-main/frontend/node_modules/vite/dist/node/chunks/dep-BK3b2jBa.js:51978:27)
      at async viteTransformMiddleware (file:///C:/Users/MSI/Desktop/smart-approval-workflow-dashboard-main/frontend/node_modules/vite/dist/node/chunks/dep-BK3b2jBa.js:62106:24)
[2m9:43:11 am[22m [31m[1m[vite][22m[39m [31mInternal server error: Failed to resolve import "framer-motion" from "src/components/intelligence/PredictionCard.jsx". Does the file exist?[39m
  Plugin: [35mvite:import-analysis[39m
  File: [36mC:/Users/MSI/Desktop/smart-approval-workflow-dashboard-main/frontend/src/components/intelligence/PredictionCard.jsx[39m:1:23
[33m  15 |    window.$RefreshSig$ = RefreshRuntime.createSignatureFunctionForTransform;
  16 |  }
  17 |  import { motion } from "framer-motion";
     |                          ^
  18 |  const PredictionCard = ({ prediction, loading, error }) => {
  19 |    const approvalChance = Number(prediction?.approvalChance || 0);[39m
      at TransformPluginContext._formatError (file:///C:/Users/MSI/Desktop/smart-approval-workflow-dashboard-main/frontend/node_modules/vite/dist/node/chunks/dep-BK3b2jBa.js:49258:41)
      at TransformPluginContext.error (file:///C:/Users/MSI/Desktop/smart-approval-workflow-dashboard-main/frontend/node_modules/vite/dist/node/chunks/dep-BK3b2jBa.js:49253:16)
      at normalizeUrl (file:///C:/Users/MSI/Desktop/smart-approval-workflow-dashboard-main/frontend/node_modules/vite/dist/node/chunks/dep-BK3b2jBa.js:64307:23)
      at process.processTicksAndRejections (node:internal/process/task_queues:103:5)
      at async file:///C:/Users/MSI/Desktop/smart-approval-workflow-dashboard-main/frontend/node_modules/vite/dist/node/chunks/dep-BK3b2jBa.js:64439:39
      at async Promise.all (index 3)
      at async TransformPluginContext.transform (file:///C:/Users/MSI/Desktop/smart-approval-workflow-dashboard-main/frontend/node_modules/vite/dist/node/chunks/dep-BK3b2jBa.js:64366:7)
      at async PluginContainer.transform (file:///C:/Users/MSI/Desktop/smart-approval-workflow-dashboard-main/frontend/node_modules/vite/dist/node/chunks/dep-BK3b2jBa.js:49099:18)
      at async loadAndTransform (file:///C:/Users/MSI/Desktop/smart-approval-workflow-dashboard-main/frontend/node_modules/vite/dist/node/chunks/dep-BK3b2jBa.js:51978:27)
      at async viteTransformMiddleware (file:///C:/Users/MSI/Desktop/smart-approval-workflow-dashboard-main/frontend/node_modules/vite/dist/node/chunks/dep-BK3b2jBa.js:62106:24)
