[2m10:05:16 pm[22m [31m[1m[vite][22m[39m [31mInternal server error: C:\Users\MSI\Desktop\smart-approval-workflow-dashboard-main\frontend\src\pages\LoginPage.jsx: Unexpected token, expected "," (202:32)

[0m [90m 200 |[31m               [33m<[31m[33m/[31m[33mdiv[31m[33m>[31m
 [90m 201 |[31m
[31m[1m>[22m[31m[90m 202 |[31m               {localError [33m?[31m ([32m`r`[31mn                [33m<[31m[33mdiv[31m className[33m=[31m[32m"inline-error inline-critical"[31m[33m>[31m{localError}[33m<[31m[33m/[31m[33mdiv[31m[33m>[31m[32m`r`[31mn              ) [33m:[31m [36mnull[31m}
 [90m     |[31m                                 [31m[1m^[22m[31m
 [90m 203 |[31m               {authError [33m?[31m ([32m`r`[31mn                [33m<[31m[33mdiv[31m className[33m=[31m[32m"inline-error inline-critical"[31m[33m>[31m{authError}[33m<[31m[33m/[31m[33mdiv[31m[33m>[31m[32m`r`[31mn              ) [33m:[31m [36mnull[31m}
 [90m 204 |[31m
 [90m 205 |[31m               [33m<[31m[33mbutton[31m[0m[39m
  Plugin: [35mvite:react-babel[39m
  File: [36mC:/Users/MSI/Desktop/smart-approval-workflow-dashboard-main/frontend/src/pages/LoginPage.jsx[39m:202:32
[33m  200|                </div>
  201|  
  202|                {localError ? (`r`n                <div className="inline-error inline-critical">{localError}</div>`r`n              ) : null}
     |                                  ^
  203|                {authError ? (`r`n                <div className="inline-error inline-critical">{authError}</div>`r`n              ) : null}
  204|  [39m
      at constructor (C:\Users\MSI\Desktop\smart-approval-workflow-dashboard-main\frontend\node_modules\@babel\parser\lib\index.js:365:19)
      at JSXParserMixin.raise (C:\Users\MSI\Desktop\smart-approval-workflow-dashboard-main\frontend\node_modules\@babel\parser\lib\index.js:6599:19)
      at JSXParserMixin.unexpected (C:\Users\MSI\Desktop\smart-approval-workflow-dashboard-main\frontend\node_modules\@babel\parser\lib\index.js:6619:16)
      at JSXParserMixin.expect (C:\Users\MSI\Desktop\smart-approval-workflow-dashboard-main\frontend\node_modules\@babel\parser\lib\index.js:6899:12)
      at JSXParserMixin.parseParenAndDistinguishExpression (C:\Users\MSI\Desktop\smart-approval-workflow-dashboard-main\frontend\node_modules\@babel\parser\lib\index.js:11661:14)
      at JSXParserMixin.parseExprAtom (C:\Users\MSI\Desktop\smart-approval-workflow-dashboard-main\frontend\node_modules\@babel\parser\lib\index.js:11331:23)
      at JSXParserMixin.parseExprAtom (C:\Users\MSI\Desktop\smart-approval-workflow-dashboard-main\frontend\node_modules\@babel\parser\lib\index.js:4764:20)
      at JSXParserMixin.parseExprSubscripts (C:\Users\MSI\Desktop\smart-approval-workflow-dashboard-main\frontend\node_modules\@babel\parser\lib\index.js:11081:23)
      at JSXParserMixin.parseUpdate (C:\Users\MSI\Desktop\smart-approval-workflow-dashboard-main\frontend\node_modules\@babel\parser\lib\index.js:11066:21)
      at JSXParserMixin.parseMaybeUnary (C:\Users\MSI\Desktop\smart-approval-workflow-dashboard-main\frontend\node_modules\@babel\parser\lib\index.js:11046:23)
      at JSXParserMixin.parseMaybeUnaryOrPrivate (C:\Users\MSI\Desktop\smart-approval-workflow-dashboard-main\frontend\node_modules\@babel\parser\lib\index.js:10899:61)
      at JSXParserMixin.parseExprOps (C:\Users\MSI\Desktop\smart-approval-workflow-dashboard-main\frontend\node_modules\@babel\parser\lib\index.js:10904:23)
      at JSXParserMixin.parseMaybeConditional (C:\Users\MSI\Desktop\smart-approval-workflow-dashboard-main\frontend\node_modules\@babel\parser\lib\index.js:10881:23)
      at JSXParserMixin.parseMaybeAssign (C:\Users\MSI\Desktop\smart-approval-workflow-dashboard-main\frontend\node_modules\@babel\parser\lib\index.js:10831:21)
      at C:\Users\MSI\Desktop\smart-approval-workflow-dashboard-main\frontend\node_modules\@babel\parser\lib\index.js:10800:39
      at JSXParserMixin.allowInAnd (C:\Users\MSI\Desktop\smart-approval-workflow-dashboard-main\frontend\node_modules\@babel\parser\lib\index.js:12426:12)
      at JSXParserMixin.parseMaybeAssignAllowIn (C:\Users\MSI\Desktop\smart-approval-workflow-dashboard-main\frontend\node_modules\@babel\parser\lib\index.js:10800:17)
      at JSXParserMixin.parseConditional (C:\Users\MSI\Desktop\smart-approval-workflow-dashboard-main\frontend\node_modules\@babel\parser\lib\index.js:10891:30)
      at JSXParserMixin.parseMaybeConditional (C:\Users\MSI\Desktop\smart-approval-workflow-dashboard-main\frontend\node_modules\@babel\parser\lib\index.js:10885:17)
      at JSXParserMixin.parseMaybeAssign (C:\Users\MSI\Desktop\smart-approval-workflow-dashboard-main\frontend\node_modules\@babel\parser\lib\index.js:10831:21)
      at JSXParserMixin.parseExpressionBase (C:\Users\MSI\Desktop\smart-approval-workflow-dashboard-main\frontend\node_modules\@babel\parser\lib\index.js:10784:23)
      at C:\Users\MSI\Desktop\smart-approval-workflow-dashboard-main\frontend\node_modules\@babel\parser\lib\index.js:10780:39
      at JSXParserMixin.allowInAnd (C:\Users\MSI\Desktop\smart-approval-workflow-dashboard-main\frontend\node_modules\@babel\parser\lib\index.js:12426:12)
      at JSXParserMixin.parseExpression (C:\Users\MSI\Desktop\smart-approval-workflow-dashboard-main\frontend\node_modules\@babel\parser\lib\index.js:10780:17)
      at JSXParserMixin.jsxParseExpressionContainer (C:\Users\MSI\Desktop\smart-approval-workflow-dashboard-main\frontend\node_modules\@babel\parser\lib\index.js:4632:31)
      at JSXParserMixin.jsxParseElementAt (C:\Users\MSI\Desktop\smart-approval-workflow-dashboard-main\frontend\node_modules\@babel\parser\lib\index.js:4711:36)
      at JSXParserMixin.jsxParseElementAt (C:\Users\MSI\Desktop\smart-approval-workflow-dashboard-main\frontend\node_modules\@babel\parser\lib\index.js:4698:32)
      at JSXParserMixin.jsxParseElementAt (C:\Users\MSI\Desktop\smart-approval-workflow-dashboard-main\frontend\node_modules\@babel\parser\lib\index.js:4698:32)
      at JSXParserMixin.jsxParseElementAt (C:\Users\MSI\Desktop\smart-approval-workflow-dashboard-main\frontend\node_modules\@babel\parser\lib\index.js:4698:32)
      at JSXParserMixin.jsxParseElementAt (C:\Users\MSI\Desktop\smart-approval-workflow-dashboard-main\frontend\node_modules\@babel\parser\lib\index.js:4698:32)
      at JSXParserMixin.jsxParseElement (C:\Users\MSI\Desktop\smart-approval-workflow-dashboard-main\frontend\node_modules\@babel\parser\lib\index.js:4749:17)
      at JSXParserMixin.parseExprAtom (C:\Users\MSI\Desktop\smart-approval-workflow-dashboard-main\frontend\node_modules\@babel\parser\lib\index.js:4759:19)
      at JSXParserMixin.parseExprSubscripts (C:\Users\MSI\Desktop\smart-approval-workflow-dashboard-main\frontend\node_modules\@babel\parser\lib\index.js:11081:23)
      at JSXParserMixin.parseUpdate (C:\Users\MSI\Desktop\smart-approval-workflow-dashboard-main\frontend\node_modules\@babel\parser\lib\index.js:11066:21)
      at JSXParserMixin.parseMaybeUnary (C:\Users\MSI\Desktop\smart-approval-workflow-dashboard-main\frontend\node_modules\@babel\parser\lib\index.js:11046:23)
      at JSXParserMixin.parseMaybeUnaryOrPrivate (C:\Users\MSI\Desktop\smart-approval-workflow-dashboard-main\frontend\node_modules\@babel\parser\lib\index.js:10899:61)
      at JSXParserMixin.parseExprOps (C:\Users\MSI\Desktop\smart-approval-workflow-dashboard-main\frontend\node_modules\@babel\parser\lib\index.js:10904:23)
      at JSXParserMixin.parseMaybeConditional (C:\Users\MSI\Desktop\smart-approval-workflow-dashboard-main\frontend\node_modules\@babel\parser\lib\index.js:10881:23)
      at JSXParserMixin.parseMaybeAssign (C:\Users\MSI\Desktop\smart-approval-workflow-dashboard-main\frontend\node_modules\@babel\parser\lib\index.js:10831:21)
      at C:\Users\MSI\Desktop\smart-approval-workflow-dashboard-main\frontend\node_modules\@babel\parser\lib\index.js:10800:39
      at JSXParserMixin.allowInAnd (C:\Users\MSI\Desktop\smart-approval-workflow-dashboard-main\frontend\node_modules\@babel\parser\lib\index.js:12426:12)
      at JSXParserMixin.parseMaybeAssignAllowIn (C:\Users\MSI\Desktop\smart-approval-workflow-dashboard-main\frontend\node_modules\@babel\parser\lib\index.js:10800:17)
      at JSXParserMixin.parseMaybeAssignAllowInOrVoidPattern (C:\Users\MSI\Desktop\smart-approval-workflow-dashboard-main\frontend\node_modules\@babel\parser\lib\index.js:12493:17)
      at JSXParserMixin.parseParenAndDistinguishExpression (C:\Users\MSI\Desktop\smart-approval-workflow-dashboard-main\frontend\node_modules\@babel\parser\lib\index.js:11675:28)
      at JSXParserMixin.parseExprAtom (C:\Users\MSI\Desktop\smart-approval-workflow-dashboard-main\frontend\node_modules\@babel\parser\lib\index.js:11331:23)
      at JSXParserMixin.parseExprAtom (C:\Users\MSI\Desktop\smart-approval-workflow-dashboard-main\frontend\node_modules\@babel\parser\lib\index.js:4764:20)
      at JSXParserMixin.parseExprSubscripts (C:\Users\MSI\Desktop\smart-approval-workflow-dashboard-main\frontend\node_modules\@babel\parser\lib\index.js:11081:23)
      at JSXParserMixin.parseUpdate (C:\Users\MSI\Desktop\smart-approval-workflow-dashboard-main\frontend\node_modules\@babel\parser\lib\index.js:11066:21)
      at JSXParserMixin.parseMaybeUnary (C:\Users\MSI\Desktop\smart-approval-workflow-dashboard-main\frontend\node_modules\@babel\parser\lib\index.js:11046:23)
      at JSXParserMixin.parseMaybeUnaryOrPrivate (C:\Users\MSI\Desktop\smart-approval-workflow-dashboard-main\frontend\node_modules\@babel\parser\lib\index.js:10899:61)
[2m10:05:16 pm[22m [31m[1m[vite][22m[39m [31mInternal server error: C:\Users\MSI\Desktop\smart-approval-workflow-dashboard-main\frontend\src\pages\LoginPage.jsx: Unexpected token, expected "," (202:32)

[0m [90m 200 |[31m               [33m<[31m[33m/[31m[33mdiv[31m[33m>[31m
 [90m 201 |[31m
[31m[1m>[22m[31m[90m 202 |[31m               {localError [33m?[31m ([32m`r`[31mn                [33m<[31m[33mdiv[31m className[33m=[31m[32m"inline-error inline-critical"[31m[33m>[31m{localError}[33m<[31m[33m/[31m[33mdiv[31m[33m>[31m[32m`r`[31mn              ) [33m:[31m [36mnull[31m}
 [90m     |[31m                                 [31m[1m^[22m[31m
 [90m 203 |[31m               {authError [33m?[31m ([32m`r`[31mn                [33m<[31m[33mdiv[31m className[33m=[31m[32m"inline-error inline-critical"[31m[33m>[31m{authError}[33m<[31m[33m/[31m[33mdiv[31m[33m>[31m[32m`r`[31mn              ) [33m:[31m [36mnull[31m}
 [90m 204 |[31m
 [90m 205 |[31m               [33m<[31m[33mbutton[31m[0m[39m
  Plugin: [35mvite:react-babel[39m
  File: [36mC:/Users/MSI/Desktop/smart-approval-workflow-dashboard-main/frontend/src/pages/LoginPage.jsx[39m:202:32
[33m  200|                </div>
  201|  
  202|                {localError ? (`r`n                <div className="inline-error inline-critical">{localError}</div>`r`n              ) : null}
     |                                  ^
  203|                {authError ? (`r`n                <div className="inline-error inline-critical">{authError}</div>`r`n              ) : null}
  204|  [39m
      at constructor (C:\Users\MSI\Desktop\smart-approval-workflow-dashboard-main\frontend\node_modules\@babel\parser\lib\index.js:365:19)
      at JSXParserMixin.raise (C:\Users\MSI\Desktop\smart-approval-workflow-dashboard-main\frontend\node_modules\@babel\parser\lib\index.js:6599:19)
      at JSXParserMixin.unexpected (C:\Users\MSI\Desktop\smart-approval-workflow-dashboard-main\frontend\node_modules\@babel\parser\lib\index.js:6619:16)
      at JSXParserMixin.expect (C:\Users\MSI\Desktop\smart-approval-workflow-dashboard-main\frontend\node_modules\@babel\parser\lib\index.js:6899:12)
      at JSXParserMixin.parseParenAndDistinguishExpression (C:\Users\MSI\Desktop\smart-approval-workflow-dashboard-main\frontend\node_modules\@babel\parser\lib\index.js:11661:14)
      at JSXParserMixin.parseExprAtom (C:\Users\MSI\Desktop\smart-approval-workflow-dashboard-main\frontend\node_modules\@babel\parser\lib\index.js:11331:23)
      at JSXParserMixin.parseExprAtom (C:\Users\MSI\Desktop\smart-approval-workflow-dashboard-main\frontend\node_modules\@babel\parser\lib\index.js:4764:20)
      at JSXParserMixin.parseExprSubscripts (C:\Users\MSI\Desktop\smart-approval-workflow-dashboard-main\frontend\node_modules\@babel\parser\lib\index.js:11081:23)
      at JSXParserMixin.parseUpdate (C:\Users\MSI\Desktop\smart-approval-workflow-dashboard-main\frontend\node_modules\@babel\parser\lib\index.js:11066:21)
      at JSXParserMixin.parseMaybeUnary (C:\Users\MSI\Desktop\smart-approval-workflow-dashboard-main\frontend\node_modules\@babel\parser\lib\index.js:11046:23)
      at JSXParserMixin.parseMaybeUnaryOrPrivate (C:\Users\MSI\Desktop\smart-approval-workflow-dashboard-main\frontend\node_modules\@babel\parser\lib\index.js:10899:61)
      at JSXParserMixin.parseExprOps (C:\Users\MSI\Desktop\smart-approval-workflow-dashboard-main\frontend\node_modules\@babel\parser\lib\index.js:10904:23)
      at JSXParserMixin.parseMaybeConditional (C:\Users\MSI\Desktop\smart-approval-workflow-dashboard-main\frontend\node_modules\@babel\parser\lib\index.js:10881:23)
      at JSXParserMixin.parseMaybeAssign (C:\Users\MSI\Desktop\smart-approval-workflow-dashboard-main\frontend\node_modules\@babel\parser\lib\index.js:10831:21)
      at C:\Users\MSI\Desktop\smart-approval-workflow-dashboard-main\frontend\node_modules\@babel\parser\lib\index.js:10800:39
      at JSXParserMixin.allowInAnd (C:\Users\MSI\Desktop\smart-approval-workflow-dashboard-main\frontend\node_modules\@babel\parser\lib\index.js:12426:12)
      at JSXParserMixin.parseMaybeAssignAllowIn (C:\Users\MSI\Desktop\smart-approval-workflow-dashboard-main\frontend\node_modules\@babel\parser\lib\index.js:10800:17)
      at JSXParserMixin.parseConditional (C:\Users\MSI\Desktop\smart-approval-workflow-dashboard-main\frontend\node_modules\@babel\parser\lib\index.js:10891:30)
      at JSXParserMixin.parseMaybeConditional (C:\Users\MSI\Desktop\smart-approval-workflow-dashboard-main\frontend\node_modules\@babel\parser\lib\index.js:10885:17)
      at JSXParserMixin.parseMaybeAssign (C:\Users\MSI\Desktop\smart-approval-workflow-dashboard-main\frontend\node_modules\@babel\parser\lib\index.js:10831:21)
      at JSXParserMixin.parseExpressionBase (C:\Users\MSI\Desktop\smart-approval-workflow-dashboard-main\frontend\node_modules\@babel\parser\lib\index.js:10784:23)
      at C:\Users\MSI\Desktop\smart-approval-workflow-dashboard-main\frontend\node_modules\@babel\parser\lib\index.js:10780:39
      at JSXParserMixin.allowInAnd (C:\Users\MSI\Desktop\smart-approval-workflow-dashboard-main\frontend\node_modules\@babel\parser\lib\index.js:12426:12)
      at JSXParserMixin.parseExpression (C:\Users\MSI\Desktop\smart-approval-workflow-dashboard-main\frontend\node_modules\@babel\parser\lib\index.js:10780:17)
      at JSXParserMixin.jsxParseExpressionContainer (C:\Users\MSI\Desktop\smart-approval-workflow-dashboard-main\frontend\node_modules\@babel\parser\lib\index.js:4632:31)
      at JSXParserMixin.jsxParseElementAt (C:\Users\MSI\Desktop\smart-approval-workflow-dashboard-main\frontend\node_modules\@babel\parser\lib\index.js:4711:36)
      at JSXParserMixin.jsxParseElementAt (C:\Users\MSI\Desktop\smart-approval-workflow-dashboard-main\frontend\node_modules\@babel\parser\lib\index.js:4698:32)
      at JSXParserMixin.jsxParseElementAt (C:\Users\MSI\Desktop\smart-approval-workflow-dashboard-main\frontend\node_modules\@babel\parser\lib\index.js:4698:32)
      at JSXParserMixin.jsxParseElementAt (C:\Users\MSI\Desktop\smart-approval-workflow-dashboard-main\frontend\node_modules\@babel\parser\lib\index.js:4698:32)
      at JSXParserMixin.jsxParseElementAt (C:\Users\MSI\Desktop\smart-approval-workflow-dashboard-main\frontend\node_modules\@babel\parser\lib\index.js:4698:32)
      at JSXParserMixin.jsxParseElement (C:\Users\MSI\Desktop\smart-approval-workflow-dashboard-main\frontend\node_modules\@babel\parser\lib\index.js:4749:17)
      at JSXParserMixin.parseExprAtom (C:\Users\MSI\Desktop\smart-approval-workflow-dashboard-main\frontend\node_modules\@babel\parser\lib\index.js:4759:19)
      at JSXParserMixin.parseExprSubscripts (C:\Users\MSI\Desktop\smart-approval-workflow-dashboard-main\frontend\node_modules\@babel\parser\lib\index.js:11081:23)
      at JSXParserMixin.parseUpdate (C:\Users\MSI\Desktop\smart-approval-workflow-dashboard-main\frontend\node_modules\@babel\parser\lib\index.js:11066:21)
      at JSXParserMixin.parseMaybeUnary (C:\Users\MSI\Desktop\smart-approval-workflow-dashboard-main\frontend\node_modules\@babel\parser\lib\index.js:11046:23)
      at JSXParserMixin.parseMaybeUnaryOrPrivate (C:\Users\MSI\Desktop\smart-approval-workflow-dashboard-main\frontend\node_modules\@babel\parser\lib\index.js:10899:61)
      at JSXParserMixin.parseExprOps (C:\Users\MSI\Desktop\smart-approval-workflow-dashboard-main\frontend\node_modules\@babel\parser\lib\index.js:10904:23)
      at JSXParserMixin.parseMaybeConditional (C:\Users\MSI\Desktop\smart-approval-workflow-dashboard-main\frontend\node_modules\@babel\parser\lib\index.js:10881:23)
      at JSXParserMixin.parseMaybeAssign (C:\Users\MSI\Desktop\smart-approval-workflow-dashboard-main\frontend\node_modules\@babel\parser\lib\index.js:10831:21)
      at C:\Users\MSI\Desktop\smart-approval-workflow-dashboard-main\frontend\node_modules\@babel\parser\lib\index.js:10800:39
      at JSXParserMixin.allowInAnd (C:\Users\MSI\Desktop\smart-approval-workflow-dashboard-main\frontend\node_modules\@babel\parser\lib\index.js:12426:12)
      at JSXParserMixin.parseMaybeAssignAllowIn (C:\Users\MSI\Desktop\smart-approval-workflow-dashboard-main\frontend\node_modules\@babel\parser\lib\index.js:10800:17)
      at JSXParserMixin.parseMaybeAssignAllowInOrVoidPattern (C:\Users\MSI\Desktop\smart-approval-workflow-dashboard-main\frontend\node_modules\@babel\parser\lib\index.js:12493:17)
      at JSXParserMixin.parseParenAndDistinguishExpression (C:\Users\MSI\Desktop\smart-approval-workflow-dashboard-main\frontend\node_modules\@babel\parser\lib\index.js:11675:28)
      at JSXParserMixin.parseExprAtom (C:\Users\MSI\Desktop\smart-approval-workflow-dashboard-main\frontend\node_modules\@babel\parser\lib\index.js:11331:23)
      at JSXParserMixin.parseExprAtom (C:\Users\MSI\Desktop\smart-approval-workflow-dashboard-main\frontend\node_modules\@babel\parser\lib\index.js:4764:20)
      at JSXParserMixin.parseExprSubscripts (C:\Users\MSI\Desktop\smart-approval-workflow-dashboard-main\frontend\node_modules\@babel\parser\lib\index.js:11081:23)
      at JSXParserMixin.parseUpdate (C:\Users\MSI\Desktop\smart-approval-workflow-dashboard-main\frontend\node_modules\@babel\parser\lib\index.js:11066:21)
      at JSXParserMixin.parseMaybeUnary (C:\Users\MSI\Desktop\smart-approval-workflow-dashboard-main\frontend\node_modules\@babel\parser\lib\index.js:11046:23)
      at JSXParserMixin.parseMaybeUnaryOrPrivate (C:\Users\MSI\Desktop\smart-approval-workflow-dashboard-main\frontend\node_modules\@babel\parser\lib\index.js:10899:61)
