
> flowpilot-server@1.0.0 dev
> nodemon src/server.js

[33m[nodemon] 3.1.11[39m
[33m[nodemon] to restart at any time, enter `rs`[39m
[33m[nodemon] watching path(s): *.*[39m
[33m[nodemon] watching extensions: js,mjs,cjs,json[39m
[32m[nodemon] starting `node src/server.js`[39m
[2026-03-28T16:10:24.860Z] [INFO] Infosys Approval System API started on http://localhost:5051
[2026-03-28T16:10:25.514Z] [INFO] MongoDB connected {"host":"ac-gdcfeak-shard-00-00.zlfe4lx.mongodb.net","dbName":"flowpilot"}
[2026-03-28T16:10:27.243Z] [INFO] Workflow bootstrap completed (system users synced)
[0mGET /api/health [32m200[0m 6.524 ms - 161[0m
[0mPOST /api/auth/login [32m200[0m 89.668 ms - 549[0m
[0mPOST /api/auth/login [32m200[0m 49.291 ms - 539[0m
[0mPOST /api/auth/login [32m200[0m 49.828 ms - 527[0m
[0mPOST /api/requests [32m201[0m 58.481 ms - 1006[0m
[0mGET /api/requests [32m200[0m 52.294 ms - 1008[0m
[0mGET /api/requests [32m200[0m 44.051 ms - 1008[0m
[0mGET /api/requests [32m200[0m 54.270 ms - 1008[0m
[0mGET /api/auth/login-activity [33m401[0m 6.121 ms - 54[0m
[0mGET /api/requests [33m401[0m 1.355 ms - 54[0m
[0mPOST /api/auth/login [32m200[0m 211.338 ms - 573[0m
[0mGET /api/auth/login-activity [32m200[0m 42.261 ms - 273[0m
[0mGET /api/requests [32m200[0m 46.919 ms - 26[0m
[0mGET /api/requests [36m304[0m 42.524 ms - -[0m
[0mGET /api/requests [36m304[0m 40.716 ms - -[0m
[0mPOST /api/auth/login [32m200[0m 301.339 ms - 573[0m
[0mGET /api/auth/login-activity [32m200[0m 196.528 ms - 521[0m
[0mGET /api/requests [36m304[0m 230.264 ms - -[0m
[0mGET /api/auth/login-activity [36m304[0m 41.388 ms - -[0m
[0mGET /api/requests [36m304[0m 51.550 ms - -[0m
[0mPOST /api/auth/login [33m401[0m 391.633 ms - 55[0m
[0mGET /api/requests [36m304[0m 218.764 ms - -[0m
[0mGET /api/requests [36m304[0m 284.554 ms - -[0m
[0mGET /api/requests [36m304[0m 227.072 ms - -[0m
[0mGET /api/requests [36m304[0m 129.113 ms - -[0m
[0mGET /api/requests [36m304[0m 137.492 ms - -[0m
[0mGET /api/requests [36m304[0m 163.984 ms - -[0m
[0mGET /api/requests [36m304[0m 341.512 ms - -[0m
[0mGET /api/requests [36m304[0m 257.930 ms - -[0m
[0mGET /api/requests [36m304[0m 247.138 ms - -[0m
[0mGET /api/requests [36m304[0m 63.500 ms - -[0m
[0mGET /api/requests [36m304[0m 665.947 ms - -[0m
[0mGET /api/requests [36m304[0m 8576.157 ms - -[0m
[0mGET /api/requests [36m304[0m 86.335 ms - -[0m
[0mGET /api/requests [36m304[0m 1198.439 ms - -[0m
[0mGET /api/requests [36m304[0m 5432.482 ms - -[0m
[0mGET /api/requests [36m304[0m 4174.417 ms - -[0m
[0mGET /api/requests [36m304[0m 2218.954 ms - -[0m
[0mGET /api/requests [36m304[0m 315.463 ms - -[0m
[0mGET /api/requests [36m304[0m 235.533 ms - -[0m
[0mGET /api/requests [36m304[0m 6636.903 ms - -[0m
[0mGET /api/requests [36m304[0m 219.672 ms - -[0m
[0mGET /api/requests [36m304[0m 267.613 ms - -[0m
[0mGET /api/requests [36m304[0m 1275.228 ms - -[0m
[0mGET /api/requests [36m304[0m 357.271 ms - -[0m
[0mGET /api/requests [36m304[0m 4810.414 ms - -[0m
[0mGET /api/requests [36m304[0m 3778.440 ms - -[0m
[0mGET /api/requests [36m304[0m 860.443 ms - -[0m
[0mGET /api/requests [36m304[0m 247.995 ms - -[0m
[0mGET /api/requests [36m304[0m 33223.879 ms - -[0m
[0mGET /api/requests [32m200[0m 14150.880 ms - 26[0m
[0mGET /api/requests [36m304[0m 7584.158 ms - -[0m
[0mGET /api/requests [36m304[0m 1965.040 ms - -[0m
[0mGET /api/requests [36m304[0m 5346.729 ms - -[0m
[0mGET /api/requests [36m304[0m 4150.589 ms - -[0m
[0mGET /api/requests [36m304[0m 2001.792 ms - -[0m
[0mGET /api/requests [36m304[0m 1895.899 ms - -[0m
[0mGET /api/requests [36m304[0m 7883.610 ms - -[0m
[0mGET /api/requests [36m304[0m 739.137 ms - -[0m
[0mGET /api/requests [36m304[0m 1816.226 ms - -[0m
[0mGET /api/requests [36m304[0m 1572.963 ms - -[0m
[0mGET /api/requests [36m304[0m 1732.241 ms - -[0m
[0mGET /api/requests [36m304[0m 1289.543 ms - -[0m
[0mGET /api/requests [36m304[0m 4911.111 ms - -[0m
[0mGET /api/requests [36m304[0m 2505.987 ms - -[0m
[0mGET /api/requests [36m304[0m 1735.185 ms - -[0m
[0mGET /api/requests [36m304[0m 2532.695 ms - -[0m
[0mGET /api/requests [36m304[0m 1013.419 ms - -[0m
[0mGET /api/requests [36m304[0m 1183.346 ms - -[0m
[0mGET /api/requests [36m304[0m 510.976 ms - -[0m
[0mGET /api/requests [36m304[0m 783.003 ms - -[0m
[0mGET /api/requests [36m304[0m 3186.198 ms - -[0m
[0mGET /api/requests [36m304[0m 2331.275 ms - -[0m
[0mGET /api/requests [36m304[0m 742.310 ms - -[0m
[0mGET /api/requests [36m304[0m 867.034 ms - -[0m
[0mGET /api/requests [36m304[0m 821.684 ms - -[0m
[0mGET /api/requests [36m304[0m 1007.141 ms - -[0m
[0mGET /api/requests [36m304[0m 966.619 ms - -[0m
[0mGET /api/requests [36m304[0m 775.545 ms - -[0m
[0mGET /api/requests [36m304[0m 1288.054 ms - -[0m
[0mGET /api/requests [36m304[0m 1271.636 ms - -[0m
[0mGET /api/requests [36m304[0m 2001.005 ms - -[0m
[0mGET /api/requests [36m304[0m 804.070 ms - -[0m
[0mGET /api/requests [36m304[0m 2709.617 ms - -[0m
[0mGET /api/requests [36m304[0m 2109.261 ms - -[0m
[0mGET /api/requests [0m-[0m - ms - -[0m
[0mPOST /api/auth/login [32m200[0m 3525.512 ms - 573[0m
