(node:19188) [MONGOOSE] Warning: mongoose: the `new` option for `findOneAndUpdate()` and `findOneAndReplace()` is deprecated. Use `returnDocument: 'after'` instead.
(Use `node --trace-warnings ...` to show where the warning was created)
(node:19188) [MONGOOSE] Warning: mongoose: the `new` option for `findOneAndUpdate()` and `findOneAndReplace()` is deprecated. Use `returnDocument: 'after'` instead.
(node:19188) [MONGOOSE] Warning: mongoose: the `new` option for `findOneAndUpdate()` and `findOneAndReplace()` is deprecated. Use `returnDocument: 'after'` instead.
(node:19188) [MONGOOSE] Warning: mongoose: the `new` option for `findOneAndUpdate()` and `findOneAndReplace()` is deprecated. Use `returnDocument: 'after'` instead.
(node:19188) [MONGOOSE] Warning: mongoose: the `new` option for `findOneAndUpdate()` and `findOneAndReplace()` is deprecated. Use `returnDocument: 'after'` instead.
(node:19188) [MONGOOSE] Warning: mongoose: the `new` option for `findOneAndUpdate()` and `findOneAndReplace()` is deprecated. Use `returnDocument: 'after'` instead.
(node:19188) [MONGOOSE] Warning: mongoose: the `new` option for `findOneAndUpdate()` and `findOneAndReplace()` is deprecated. Use `returnDocument: 'after'` instead.
(node:19188) [MONGOOSE] Warning: mongoose: the `new` option for `findOneAndUpdate()` and `findOneAndReplace()` is deprecated. Use `returnDocument: 'after'` instead.
(node:19188) [MONGOOSE] Warning: mongoose: the `new` option for `findOneAndUpdate()` and `findOneAndReplace()` is deprecated. Use `returnDocument: 'after'` instead.
(node:19188) [MONGOOSE] Warning: mongoose: the `new` option for `findOneAndUpdate()` and `findOneAndReplace()` is deprecated. Use `returnDocument: 'after'` instead.
(node:19188) [MONGOOSE] Warning: mongoose: the `new` option for `findOneAndUpdate()` and `findOneAndReplace()` is deprecated. Use `returnDocument: 'after'` instead.
[2026-04-15T10:14:04.065Z] [ERROR] Request failed {"method":"POST","url":"/api/auth/login","status":401,"message":"Invalid email or password"}
[2026-04-15T10:14:10.964Z] [ERROR] Request failed {"method":"POST","url":"/api/auth/login","status":401,"message":"Invalid email or password"}
[2026-04-15T10:14:12.670Z] [ERROR] Request failed {"method":"POST","url":"/api/auth/login","status":401,"message":"Invalid email or password"}
[2026-04-15T10:14:48.030Z] [ERROR] Request failed {"method":"POST","url":"/api/auth/login","status":401,"message":"Invalid email or password"}
[2026-04-15T10:17:06.049Z] [ERROR] Request failed {"method":"POST","url":"/api/auth/login","status":401,"message":"Invalid email or password"}
(node:14712) [MONGOOSE] Warning: mongoose: the `new` option for `findOneAndUpdate()` and `findOneAndReplace()` is deprecated. Use `returnDocument: 'after'` instead.
(Use `node --trace-warnings ...` to show where the warning was created)
(node:14712) [MONGOOSE] Warning: mongoose: the `new` option for `findOneAndUpdate()` and `findOneAndReplace()` is deprecated. Use `returnDocument: 'after'` instead.
(node:14712) [MONGOOSE] Warning: mongoose: the `new` option for `findOneAndUpdate()` and `findOneAndReplace()` is deprecated. Use `returnDocument: 'after'` instead.
(node:14712) [MONGOOSE] Warning: mongoose: the `new` option for `findOneAndUpdate()` and `findOneAndReplace()` is deprecated. Use `returnDocument: 'after'` instead.
(node:14712) [MONGOOSE] Warning: mongoose: the `new` option for `findOneAndUpdate()` and `findOneAndReplace()` is deprecated. Use `returnDocument: 'after'` instead.
(node:14712) [MONGOOSE] Warning: mongoose: the `new` option for `findOneAndUpdate()` and `findOneAndReplace()` is deprecated. Use `returnDocument: 'after'` instead.
(node:14712) [MONGOOSE] Warning: mongoose: the `new` option for `findOneAndUpdate()` and `findOneAndReplace()` is deprecated. Use `returnDocument: 'after'` instead.
(node:14712) [MONGOOSE] Warning: mongoose: the `new` option for `findOneAndUpdate()` and `findOneAndReplace()` is deprecated. Use `returnDocument: 'after'` instead.
(node:14712) [MONGOOSE] Warning: mongoose: the `new` option for `findOneAndUpdate()` and `findOneAndReplace()` is deprecated. Use `returnDocument: 'after'` instead.
(node:14712) [MONGOOSE] Warning: mongoose: the `new` option for `findOneAndUpdate()` and `findOneAndReplace()` is deprecated. Use `returnDocument: 'after'` instead.
(node:14712) [MONGOOSE] Warning: mongoose: the `new` option for `findOneAndUpdate()` and `findOneAndReplace()` is deprecated. Use `returnDocument: 'after'` instead.
[2026-04-15T10:21:35.219Z] [ERROR] Request failed {"method":"POST","url":"/api/auth/login","status":401,"message":"Invalid email or password"}
(node:9292) [MONGOOSE] Warning: mongoose: the `new` option for `findOneAndUpdate()` and `findOneAndReplace()` is deprecated. Use `returnDocument: 'after'` instead.
(Use `node --trace-warnings ...` to show where the warning was created)
(node:9292) [MONGOOSE] Warning: mongoose: the `new` option for `findOneAndUpdate()` and `findOneAndReplace()` is deprecated. Use `returnDocument: 'after'` instead.
(node:9292) [MONGOOSE] Warning: mongoose: the `new` option for `findOneAndUpdate()` and `findOneAndReplace()` is deprecated. Use `returnDocument: 'after'` instead.
(node:9292) [MONGOOSE] Warning: mongoose: the `new` option for `findOneAndUpdate()` and `findOneAndReplace()` is deprecated. Use `returnDocument: 'after'` instead.
(node:9292) [MONGOOSE] Warning: mongoose: the `new` option for `findOneAndUpdate()` and `findOneAndReplace()` is deprecated. Use `returnDocument: 'after'` instead.
(node:9292) [MONGOOSE] Warning: mongoose: the `new` option for `findOneAndUpdate()` and `findOneAndReplace()` is deprecated. Use `returnDocument: 'after'` instead.
(node:9292) [MONGOOSE] Warning: mongoose: the `new` option for `findOneAndUpdate()` and `findOneAndReplace()` is deprecated. Use `returnDocument: 'after'` instead.
(node:9292) [MONGOOSE] Warning: mongoose: the `new` option for `findOneAndUpdate()` and `findOneAndReplace()` is deprecated. Use `returnDocument: 'after'` instead.
(node:9292) [MONGOOSE] Warning: mongoose: the `new` option for `findOneAndUpdate()` and `findOneAndReplace()` is deprecated. Use `returnDocument: 'after'` instead.
(node:9292) [MONGOOSE] Warning: mongoose: the `new` option for `findOneAndUpdate()` and `findOneAndReplace()` is deprecated. Use `returnDocument: 'after'` instead.
(node:9292) [MONGOOSE] Warning: mongoose: the `new` option for `findOneAndUpdate()` and `findOneAndReplace()` is deprecated. Use `returnDocument: 'after'` instead.
(node:5500) [MONGOOSE] Warning: mongoose: the `new` option for `findOneAndUpdate()` and `findOneAndReplace()` is deprecated. Use `returnDocument: 'after'` instead.
(Use `node --trace-warnings ...` to show where the warning was created)
(node:5500) [MONGOOSE] Warning: mongoose: the `new` option for `findOneAndUpdate()` and `findOneAndReplace()` is deprecated. Use `returnDocument: 'after'` instead.
(node:5500) [MONGOOSE] Warning: mongoose: the `new` option for `findOneAndUpdate()` and `findOneAndReplace()` is deprecated. Use `returnDocument: 'after'` instead.
(node:5500) [MONGOOSE] Warning: mongoose: the `new` option for `findOneAndUpdate()` and `findOneAndReplace()` is deprecated. Use `returnDocument: 'after'` instead.
(node:5500) [MONGOOSE] Warning: mongoose: the `new` option for `findOneAndUpdate()` and `findOneAndReplace()` is deprecated. Use `returnDocument: 'after'` instead.
(node:5500) [MONGOOSE] Warning: mongoose: the `new` option for `findOneAndUpdate()` and `findOneAndReplace()` is deprecated. Use `returnDocument: 'after'` instead.
(node:5500) [MONGOOSE] Warning: mongoose: the `new` option for `findOneAndUpdate()` and `findOneAndReplace()` is deprecated. Use `returnDocument: 'after'` instead.
(node:5500) [MONGOOSE] Warning: mongoose: the `new` option for `findOneAndUpdate()` and `findOneAndReplace()` is deprecated. Use `returnDocument: 'after'` instead.
(node:5500) [MONGOOSE] Warning: mongoose: the `new` option for `findOneAndUpdate()` and `findOneAndReplace()` is deprecated. Use `returnDocument: 'after'` instead.
(node:5500) [MONGOOSE] Warning: mongoose: the `new` option for `findOneAndUpdate()` and `findOneAndReplace()` is deprecated. Use `returnDocument: 'after'` instead.
(node:5500) [MONGOOSE] Warning: mongoose: the `new` option for `findOneAndUpdate()` and `findOneAndReplace()` is deprecated. Use `returnDocument: 'after'` instead.
(node:17568) [MONGOOSE] Warning: mongoose: the `new` option for `findOneAndUpdate()` and `findOneAndReplace()` is deprecated. Use `returnDocument: 'after'` instead.
(Use `node --trace-warnings ...` to show where the warning was created)
(node:17568) [MONGOOSE] Warning: mongoose: the `new` option for `findOneAndUpdate()` and `findOneAndReplace()` is deprecated. Use `returnDocument: 'after'` instead.
(node:17568) [MONGOOSE] Warning: mongoose: the `new` option for `findOneAndUpdate()` and `findOneAndReplace()` is deprecated. Use `returnDocument: 'after'` instead.
(node:17568) [MONGOOSE] Warning: mongoose: the `new` option for `findOneAndUpdate()` and `findOneAndReplace()` is deprecated. Use `returnDocument: 'after'` instead.
(node:17568) [MONGOOSE] Warning: mongoose: the `new` option for `findOneAndUpdate()` and `findOneAndReplace()` is deprecated. Use `returnDocument: 'after'` instead.
(node:17568) [MONGOOSE] Warning: mongoose: the `new` option for `findOneAndUpdate()` and `findOneAndReplace()` is deprecated. Use `returnDocument: 'after'` instead.
(node:17568) [MONGOOSE] Warning: mongoose: the `new` option for `findOneAndUpdate()` and `findOneAndReplace()` is deprecated. Use `returnDocument: 'after'` instead.
(node:17568) [MONGOOSE] Warning: mongoose: the `new` option for `findOneAndUpdate()` and `findOneAndReplace()` is deprecated. Use `returnDocument: 'after'` instead.
(node:17568) [MONGOOSE] Warning: mongoose: the `new` option for `findOneAndUpdate()` and `findOneAndReplace()` is deprecated. Use `returnDocument: 'after'` instead.
(node:17568) [MONGOOSE] Warning: mongoose: the `new` option for `findOneAndUpdate()` and `findOneAndReplace()` is deprecated. Use `returnDocument: 'after'` instead.
(node:17568) [MONGOOSE] Warning: mongoose: the `new` option for `findOneAndUpdate()` and `findOneAndReplace()` is deprecated. Use `returnDocument: 'after'` instead.
(node:14400) [MONGOOSE] Warning: mongoose: the `new` option for `findOneAndUpdate()` and `findOneAndReplace()` is deprecated. Use `returnDocument: 'after'` instead.
(Use `node --trace-warnings ...` to show where the warning was created)
(node:14400) [MONGOOSE] Warning: mongoose: the `new` option for `findOneAndUpdate()` and `findOneAndReplace()` is deprecated. Use `returnDocument: 'after'` instead.
(node:14400) [MONGOOSE] Warning: mongoose: the `new` option for `findOneAndUpdate()` and `findOneAndReplace()` is deprecated. Use `returnDocument: 'after'` instead.
(node:14400) [MONGOOSE] Warning: mongoose: the `new` option for `findOneAndUpdate()` and `findOneAndReplace()` is deprecated. Use `returnDocument: 'after'` instead.
(node:14400) [MONGOOSE] Warning: mongoose: the `new` option for `findOneAndUpdate()` and `findOneAndReplace()` is deprecated. Use `returnDocument: 'after'` instead.
(node:14400) [MONGOOSE] Warning: mongoose: the `new` option for `findOneAndUpdate()` and `findOneAndReplace()` is deprecated. Use `returnDocument: 'after'` instead.
(node:14400) [MONGOOSE] Warning: mongoose: the `new` option for `findOneAndUpdate()` and `findOneAndReplace()` is deprecated. Use `returnDocument: 'after'` instead.
(node:14400) [MONGOOSE] Warning: mongoose: the `new` option for `findOneAndUpdate()` and `findOneAndReplace()` is deprecated. Use `returnDocument: 'after'` instead.
(node:14400) [MONGOOSE] Warning: mongoose: the `new` option for `findOneAndUpdate()` and `findOneAndReplace()` is deprecated. Use `returnDocument: 'after'` instead.
(node:14400) [MONGOOSE] Warning: mongoose: the `new` option for `findOneAndUpdate()` and `findOneAndReplace()` is deprecated. Use `returnDocument: 'after'` instead.
(node:14400) [MONGOOSE] Warning: mongoose: the `new` option for `findOneAndUpdate()` and `findOneAndReplace()` is deprecated. Use `returnDocument: 'after'` instead.
(node:2096) [MONGOOSE] Warning: mongoose: the `new` option for `findOneAndUpdate()` and `findOneAndReplace()` is deprecated. Use `returnDocument: 'after'` instead.
(Use `node --trace-warnings ...` to show where the warning was created)
(node:2096) [MONGOOSE] Warning: mongoose: the `new` option for `findOneAndUpdate()` and `findOneAndReplace()` is deprecated. Use `returnDocument: 'after'` instead.
(node:2096) [MONGOOSE] Warning: mongoose: the `new` option for `findOneAndUpdate()` and `findOneAndReplace()` is deprecated. Use `returnDocument: 'after'` instead.
(node:2096) [MONGOOSE] Warning: mongoose: the `new` option for `findOneAndUpdate()` and `findOneAndReplace()` is deprecated. Use `returnDocument: 'after'` instead.
(node:2096) [MONGOOSE] Warning: mongoose: the `new` option for `findOneAndUpdate()` and `findOneAndReplace()` is deprecated. Use `returnDocument: 'after'` instead.
(node:2096) [MONGOOSE] Warning: mongoose: the `new` option for `findOneAndUpdate()` and `findOneAndReplace()` is deprecated. Use `returnDocument: 'after'` instead.
(node:2096) [MONGOOSE] Warning: mongoose: the `new` option for `findOneAndUpdate()` and `findOneAndReplace()` is deprecated. Use `returnDocument: 'after'` instead.
(node:2096) [MONGOOSE] Warning: mongoose: the `new` option for `findOneAndUpdate()` and `findOneAndReplace()` is deprecated. Use `returnDocument: 'after'` instead.
(node:2096) [MONGOOSE] Warning: mongoose: the `new` option for `findOneAndUpdate()` and `findOneAndReplace()` is deprecated. Use `returnDocument: 'after'` instead.
(node:2096) [MONGOOSE] Warning: mongoose: the `new` option for `findOneAndUpdate()` and `findOneAndReplace()` is deprecated. Use `returnDocument: 'after'` instead.
(node:2096) [MONGOOSE] Warning: mongoose: the `new` option for `findOneAndUpdate()` and `findOneAndReplace()` is deprecated. Use `returnDocument: 'after'` instead.
node:internal/modules/cjs/loader:1451
  throw err;
  ^

Error: Cannot find module '../services/intelligence.service'
Require stack:
- C:\Users\MSI\Desktop\smart-approval-workflow-dashboard-main\backend\src\controllers\intelligence.controller.js
- C:\Users\MSI\Desktop\smart-approval-workflow-dashboard-main\backend\src\routes\intelligence.routes.js
- C:\Users\MSI\Desktop\smart-approval-workflow-dashboard-main\backend\src\routes\index.js
- C:\Users\MSI\Desktop\smart-approval-workflow-dashboard-main\backend\src\app.js
- C:\Users\MSI\Desktop\smart-approval-workflow-dashboard-main\backend\src\server.js
    at Module._resolveFilename (node:internal/modules/cjs/loader:1448:15)
    at defaultResolveImpl (node:internal/modules/cjs/loader:1059:19)
    at resolveForCJSWithHooks (node:internal/modules/cjs/loader:1064:22)
    at Module._load (node:internal/modules/cjs/loader:1234:25)
    at TracingChannel.traceSync (node:diagnostics_channel:328:14)
    at wrapModuleLoad (node:internal/modules/cjs/loader:245:24)
    at Module.require (node:internal/modules/cjs/loader:1548:12)
    at require (node:internal/modules/helpers:152:16)
    at Object.<anonymous> (C:\Users\MSI\Desktop\smart-approval-workflow-dashboard-main\backend\src\controllers\intelligence.controller.js:1:29)
    at Module._compile (node:internal/modules/cjs/loader:1804:14) {
  code: 'MODULE_NOT_FOUND',
  requireStack: [
    'C:\\Users\\MSI\\Desktop\\smart-approval-workflow-dashboard-main\\backend\\src\\controllers\\intelligence.controller.js',
    'C:\\Users\\MSI\\Desktop\\smart-approval-workflow-dashboard-main\\backend\\src\\routes\\intelligence.routes.js',
    'C:\\Users\\MSI\\Desktop\\smart-approval-workflow-dashboard-main\\backend\\src\\routes\\index.js',
    'C:\\Users\\MSI\\Desktop\\smart-approval-workflow-dashboard-main\\backend\\src\\app.js',
    'C:\\Users\\MSI\\Desktop\\smart-approval-workflow-dashboard-main\\backend\\src\\server.js'
  ]
}

Node.js v24.13.1
(node:18820) [MONGOOSE] Warning: mongoose: the `new` option for `findOneAndUpdate()` and `findOneAndReplace()` is deprecated. Use `returnDocument: 'after'` instead.
(Use `node --trace-warnings ...` to show where the warning was created)
(node:18820) [MONGOOSE] Warning: mongoose: the `new` option for `findOneAndUpdate()` and `findOneAndReplace()` is deprecated. Use `returnDocument: 'after'` instead.
(node:18820) [MONGOOSE] Warning: mongoose: the `new` option for `findOneAndUpdate()` and `findOneAndReplace()` is deprecated. Use `returnDocument: 'after'` instead.
(node:18820) [MONGOOSE] Warning: mongoose: the `new` option for `findOneAndUpdate()` and `findOneAndReplace()` is deprecated. Use `returnDocument: 'after'` instead.
(node:18820) [MONGOOSE] Warning: mongoose: the `new` option for `findOneAndUpdate()` and `findOneAndReplace()` is deprecated. Use `returnDocument: 'after'` instead.
(node:18820) [MONGOOSE] Warning: mongoose: the `new` option for `findOneAndUpdate()` and `findOneAndReplace()` is deprecated. Use `returnDocument: 'after'` instead.
(node:18820) [MONGOOSE] Warning: mongoose: the `new` option for `findOneAndUpdate()` and `findOneAndReplace()` is deprecated. Use `returnDocument: 'after'` instead.
(node:18820) [MONGOOSE] Warning: mongoose: the `new` option for `findOneAndUpdate()` and `findOneAndReplace()` is deprecated. Use `returnDocument: 'after'` instead.
(node:18820) [MONGOOSE] Warning: mongoose: the `new` option for `findOneAndUpdate()` and `findOneAndReplace()` is deprecated. Use `returnDocument: 'after'` instead.
(node:18820) [MONGOOSE] Warning: mongoose: the `new` option for `findOneAndUpdate()` and `findOneAndReplace()` is deprecated. Use `returnDocument: 'after'` instead.
(node:18820) [MONGOOSE] Warning: mongoose: the `new` option for `findOneAndUpdate()` and `findOneAndReplace()` is deprecated. Use `returnDocument: 'after'` instead.
(node:14808) [MONGOOSE] Warning: mongoose: the `new` option for `findOneAndUpdate()` and `findOneAndReplace()` is deprecated. Use `returnDocument: 'after'` instead.
(Use `node --trace-warnings ...` to show where the warning was created)
(node:14808) [MONGOOSE] Warning: mongoose: the `new` option for `findOneAndUpdate()` and `findOneAndReplace()` is deprecated. Use `returnDocument: 'after'` instead.
(node:14808) [MONGOOSE] Warning: mongoose: the `new` option for `findOneAndUpdate()` and `findOneAndReplace()` is deprecated. Use `returnDocument: 'after'` instead.
(node:14808) [MONGOOSE] Warning: mongoose: the `new` option for `findOneAndUpdate()` and `findOneAndReplace()` is deprecated. Use `returnDocument: 'after'` instead.
(node:14808) [MONGOOSE] Warning: mongoose: the `new` option for `findOneAndUpdate()` and `findOneAndReplace()` is deprecated. Use `returnDocument: 'after'` instead.
(node:14808) [MONGOOSE] Warning: mongoose: the `new` option for `findOneAndUpdate()` and `findOneAndReplace()` is deprecated. Use `returnDocument: 'after'` instead.
(node:14808) [MONGOOSE] Warning: mongoose: the `new` option for `findOneAndUpdate()` and `findOneAndReplace()` is deprecated. Use `returnDocument: 'after'` instead.
(node:14808) [MONGOOSE] Warning: mongoose: the `new` option for `findOneAndUpdate()` and `findOneAndReplace()` is deprecated. Use `returnDocument: 'after'` instead.
(node:14808) [MONGOOSE] Warning: mongoose: the `new` option for `findOneAndUpdate()` and `findOneAndReplace()` is deprecated. Use `returnDocument: 'after'` instead.
(node:14808) [MONGOOSE] Warning: mongoose: the `new` option for `findOneAndUpdate()` and `findOneAndReplace()` is deprecated. Use `returnDocument: 'after'` instead.
(node:14808) [MONGOOSE] Warning: mongoose: the `new` option for `findOneAndUpdate()` and `findOneAndReplace()` is deprecated. Use `returnDocument: 'after'` instead.
(node:7408) [MONGOOSE] Warning: mongoose: the `new` option for `findOneAndUpdate()` and `findOneAndReplace()` is deprecated. Use `returnDocument: 'after'` instead.
(Use `node --trace-warnings ...` to show where the warning was created)
(node:7408) [MONGOOSE] Warning: mongoose: the `new` option for `findOneAndUpdate()` and `findOneAndReplace()` is deprecated. Use `returnDocument: 'after'` instead.
(node:7408) [MONGOOSE] Warning: mongoose: the `new` option for `findOneAndUpdate()` and `findOneAndReplace()` is deprecated. Use `returnDocument: 'after'` instead.
(node:7408) [MONGOOSE] Warning: mongoose: the `new` option for `findOneAndUpdate()` and `findOneAndReplace()` is deprecated. Use `returnDocument: 'after'` instead.
(node:7408) [MONGOOSE] Warning: mongoose: the `new` option for `findOneAndUpdate()` and `findOneAndReplace()` is deprecated. Use `returnDocument: 'after'` instead.
(node:7408) [MONGOOSE] Warning: mongoose: the `new` option for `findOneAndUpdate()` and `findOneAndReplace()` is deprecated. Use `returnDocument: 'after'` instead.
(node:7408) [MONGOOSE] Warning: mongoose: the `new` option for `findOneAndUpdate()` and `findOneAndReplace()` is deprecated. Use `returnDocument: 'after'` instead.
(node:7408) [MONGOOSE] Warning: mongoose: the `new` option for `findOneAndUpdate()` and `findOneAndReplace()` is deprecated. Use `returnDocument: 'after'` instead.
(node:7408) [MONGOOSE] Warning: mongoose: the `new` option for `findOneAndUpdate()` and `findOneAndReplace()` is deprecated. Use `returnDocument: 'after'` instead.
(node:7408) [MONGOOSE] Warning: mongoose: the `new` option for `findOneAndUpdate()` and `findOneAndReplace()` is deprecated. Use `returnDocument: 'after'` instead.
(node:7408) [MONGOOSE] Warning: mongoose: the `new` option for `findOneAndUpdate()` and `findOneAndReplace()` is deprecated. Use `returnDocument: 'after'` instead.
(node:13224) [MONGOOSE] Warning: mongoose: the `new` option for `findOneAndUpdate()` and `findOneAndReplace()` is deprecated. Use `returnDocument: 'after'` instead.
(Use `node --trace-warnings ...` to show where the warning was created)
(node:13224) [MONGOOSE] Warning: mongoose: the `new` option for `findOneAndUpdate()` and `findOneAndReplace()` is deprecated. Use `returnDocument: 'after'` instead.
(node:13224) [MONGOOSE] Warning: mongoose: the `new` option for `findOneAndUpdate()` and `findOneAndReplace()` is deprecated. Use `returnDocument: 'after'` instead.
(node:13224) [MONGOOSE] Warning: mongoose: the `new` option for `findOneAndUpdate()` and `findOneAndReplace()` is deprecated. Use `returnDocument: 'after'` instead.
(node:13224) [MONGOOSE] Warning: mongoose: the `new` option for `findOneAndUpdate()` and `findOneAndReplace()` is deprecated. Use `returnDocument: 'after'` instead.
(node:13224) [MONGOOSE] Warning: mongoose: the `new` option for `findOneAndUpdate()` and `findOneAndReplace()` is deprecated. Use `returnDocument: 'after'` instead.
(node:13224) [MONGOOSE] Warning: mongoose: the `new` option for `findOneAndUpdate()` and `findOneAndReplace()` is deprecated. Use `returnDocument: 'after'` instead.
(node:13224) [MONGOOSE] Warning: mongoose: the `new` option for `findOneAndUpdate()` and `findOneAndReplace()` is deprecated. Use `returnDocument: 'after'` instead.
(node:13224) [MONGOOSE] Warning: mongoose: the `new` option for `findOneAndUpdate()` and `findOneAndReplace()` is deprecated. Use `returnDocument: 'after'` instead.
(node:13224) [MONGOOSE] Warning: mongoose: the `new` option for `findOneAndUpdate()` and `findOneAndReplace()` is deprecated. Use `returnDocument: 'after'` instead.
(node:13224) [MONGOOSE] Warning: mongoose: the `new` option for `findOneAndUpdate()` and `findOneAndReplace()` is deprecated. Use `returnDocument: 'after'` instead.
(node:19388) [MONGOOSE] Warning: mongoose: the `new` option for `findOneAndUpdate()` and `findOneAndReplace()` is deprecated. Use `returnDocument: 'after'` instead.
(Use `node --trace-warnings ...` to show where the warning was created)
(node:19388) [MONGOOSE] Warning: mongoose: the `new` option for `findOneAndUpdate()` and `findOneAndReplace()` is deprecated. Use `returnDocument: 'after'` instead.
(node:19388) [MONGOOSE] Warning: mongoose: the `new` option for `findOneAndUpdate()` and `findOneAndReplace()` is deprecated. Use `returnDocument: 'after'` instead.
(node:19388) [MONGOOSE] Warning: mongoose: the `new` option for `findOneAndUpdate()` and `findOneAndReplace()` is deprecated. Use `returnDocument: 'after'` instead.
(node:19388) [MONGOOSE] Warning: mongoose: the `new` option for `findOneAndUpdate()` and `findOneAndReplace()` is deprecated. Use `returnDocument: 'after'` instead.
(node:19388) [MONGOOSE] Warning: mongoose: the `new` option for `findOneAndUpdate()` and `findOneAndReplace()` is deprecated. Use `returnDocument: 'after'` instead.
(node:19388) [MONGOOSE] Warning: mongoose: the `new` option for `findOneAndUpdate()` and `findOneAndReplace()` is deprecated. Use `returnDocument: 'after'` instead.
(node:19388) [MONGOOSE] Warning: mongoose: the `new` option for `findOneAndUpdate()` and `findOneAndReplace()` is deprecated. Use `returnDocument: 'after'` instead.
(node:19388) [MONGOOSE] Warning: mongoose: the `new` option for `findOneAndUpdate()` and `findOneAndReplace()` is deprecated. Use `returnDocument: 'after'` instead.
(node:19388) [MONGOOSE] Warning: mongoose: the `new` option for `findOneAndUpdate()` and `findOneAndReplace()` is deprecated. Use `returnDocument: 'after'` instead.
(node:19388) [MONGOOSE] Warning: mongoose: the `new` option for `findOneAndUpdate()` and `findOneAndReplace()` is deprecated. Use `returnDocument: 'after'` instead.
(node:11012) [MONGOOSE] Warning: mongoose: the `new` option for `findOneAndUpdate()` and `findOneAndReplace()` is deprecated. Use `returnDocument: 'after'` instead.
(Use `node --trace-warnings ...` to show where the warning was created)
(node:11012) [MONGOOSE] Warning: mongoose: the `new` option for `findOneAndUpdate()` and `findOneAndReplace()` is deprecated. Use `returnDocument: 'after'` instead.
(node:11012) [MONGOOSE] Warning: mongoose: the `new` option for `findOneAndUpdate()` and `findOneAndReplace()` is deprecated. Use `returnDocument: 'after'` instead.
(node:11012) [MONGOOSE] Warning: mongoose: the `new` option for `findOneAndUpdate()` and `findOneAndReplace()` is deprecated. Use `returnDocument: 'after'` instead.
(node:11012) [MONGOOSE] Warning: mongoose: the `new` option for `findOneAndUpdate()` and `findOneAndReplace()` is deprecated. Use `returnDocument: 'after'` instead.
(node:11012) [MONGOOSE] Warning: mongoose: the `new` option for `findOneAndUpdate()` and `findOneAndReplace()` is deprecated. Use `returnDocument: 'after'` instead.
(node:11012) [MONGOOSE] Warning: mongoose: the `new` option for `findOneAndUpdate()` and `findOneAndReplace()` is deprecated. Use `returnDocument: 'after'` instead.
(node:11012) [MONGOOSE] Warning: mongoose: the `new` option for `findOneAndUpdate()` and `findOneAndReplace()` is deprecated. Use `returnDocument: 'after'` instead.
(node:11012) [MONGOOSE] Warning: mongoose: the `new` option for `findOneAndUpdate()` and `findOneAndReplace()` is deprecated. Use `returnDocument: 'after'` instead.
(node:11012) [MONGOOSE] Warning: mongoose: the `new` option for `findOneAndUpdate()` and `findOneAndReplace()` is deprecated. Use `returnDocument: 'after'` instead.
(node:11012) [MONGOOSE] Warning: mongoose: the `new` option for `findOneAndUpdate()` and `findOneAndReplace()` is deprecated. Use `returnDocument: 'after'` instead.
(node:11104) [MONGOOSE] Warning: mongoose: the `new` option for `findOneAndUpdate()` and `findOneAndReplace()` is deprecated. Use `returnDocument: 'after'` instead.
(Use `node --trace-warnings ...` to show where the warning was created)
(node:11104) [MONGOOSE] Warning: mongoose: the `new` option for `findOneAndUpdate()` and `findOneAndReplace()` is deprecated. Use `returnDocument: 'after'` instead.
(node:11104) [MONGOOSE] Warning: mongoose: the `new` option for `findOneAndUpdate()` and `findOneAndReplace()` is deprecated. Use `returnDocument: 'after'` instead.
(node:11104) [MONGOOSE] Warning: mongoose: the `new` option for `findOneAndUpdate()` and `findOneAndReplace()` is deprecated. Use `returnDocument: 'after'` instead.
(node:11104) [MONGOOSE] Warning: mongoose: the `new` option for `findOneAndUpdate()` and `findOneAndReplace()` is deprecated. Use `returnDocument: 'after'` instead.
(node:11104) [MONGOOSE] Warning: mongoose: the `new` option for `findOneAndUpdate()` and `findOneAndReplace()` is deprecated. Use `returnDocument: 'after'` instead.
(node:11104) [MONGOOSE] Warning: mongoose: the `new` option for `findOneAndUpdate()` and `findOneAndReplace()` is deprecated. Use `returnDocument: 'after'` instead.
(node:11104) [MONGOOSE] Warning: mongoose: the `new` option for `findOneAndUpdate()` and `findOneAndReplace()` is deprecated. Use `returnDocument: 'after'` instead.
(node:11104) [MONGOOSE] Warning: mongoose: the `new` option for `findOneAndUpdate()` and `findOneAndReplace()` is deprecated. Use `returnDocument: 'after'` instead.
(node:11104) [MONGOOSE] Warning: mongoose: the `new` option for `findOneAndUpdate()` and `findOneAndReplace()` is deprecated. Use `returnDocument: 'after'` instead.
(node:11104) [MONGOOSE] Warning: mongoose: the `new` option for `findOneAndUpdate()` and `findOneAndReplace()` is deprecated. Use `returnDocument: 'after'` instead.
(node:16880) [MONGOOSE] Warning: mongoose: the `new` option for `findOneAndUpdate()` and `findOneAndReplace()` is deprecated. Use `returnDocument: 'after'` instead.
(Use `node --trace-warnings ...` to show where the warning was created)
(node:16880) [MONGOOSE] Warning: mongoose: the `new` option for `findOneAndUpdate()` and `findOneAndReplace()` is deprecated. Use `returnDocument: 'after'` instead.
(node:16880) [MONGOOSE] Warning: mongoose: the `new` option for `findOneAndUpdate()` and `findOneAndReplace()` is deprecated. Use `returnDocument: 'after'` instead.
(node:16880) [MONGOOSE] Warning: mongoose: the `new` option for `findOneAndUpdate()` and `findOneAndReplace()` is deprecated. Use `returnDocument: 'after'` instead.
(node:16880) [MONGOOSE] Warning: mongoose: the `new` option for `findOneAndUpdate()` and `findOneAndReplace()` is deprecated. Use `returnDocument: 'after'` instead.
(node:16880) [MONGOOSE] Warning: mongoose: the `new` option for `findOneAndUpdate()` and `findOneAndReplace()` is deprecated. Use `returnDocument: 'after'` instead.
(node:16880) [MONGOOSE] Warning: mongoose: the `new` option for `findOneAndUpdate()` and `findOneAndReplace()` is deprecated. Use `returnDocument: 'after'` instead.
(node:16880) [MONGOOSE] Warning: mongoose: the `new` option for `findOneAndUpdate()` and `findOneAndReplace()` is deprecated. Use `returnDocument: 'after'` instead.
(node:16880) [MONGOOSE] Warning: mongoose: the `new` option for `findOneAndUpdate()` and `findOneAndReplace()` is deprecated. Use `returnDocument: 'after'` instead.
(node:16880) [MONGOOSE] Warning: mongoose: the `new` option for `findOneAndUpdate()` and `findOneAndReplace()` is deprecated. Use `returnDocument: 'after'` instead.
(node:16880) [MONGOOSE] Warning: mongoose: the `new` option for `findOneAndUpdate()` and `findOneAndReplace()` is deprecated. Use `returnDocument: 'after'` instead.
(node:16352) [MONGOOSE] Warning: mongoose: the `new` option for `findOneAndUpdate()` and `findOneAndReplace()` is deprecated. Use `returnDocument: 'after'` instead.
(Use `node --trace-warnings ...` to show where the warning was created)
(node:16352) [MONGOOSE] Warning: mongoose: the `new` option for `findOneAndUpdate()` and `findOneAndReplace()` is deprecated. Use `returnDocument: 'after'` instead.
(node:16352) [MONGOOSE] Warning: mongoose: the `new` option for `findOneAndUpdate()` and `findOneAndReplace()` is deprecated. Use `returnDocument: 'after'` instead.
(node:16352) [MONGOOSE] Warning: mongoose: the `new` option for `findOneAndUpdate()` and `findOneAndReplace()` is deprecated. Use `returnDocument: 'after'` instead.
(node:16352) [MONGOOSE] Warning: mongoose: the `new` option for `findOneAndUpdate()` and `findOneAndReplace()` is deprecated. Use `returnDocument: 'after'` instead.
(node:16352) [MONGOOSE] Warning: mongoose: the `new` option for `findOneAndUpdate()` and `findOneAndReplace()` is deprecated. Use `returnDocument: 'after'` instead.
(node:16352) [MONGOOSE] Warning: mongoose: the `new` option for `findOneAndUpdate()` and `findOneAndReplace()` is deprecated. Use `returnDocument: 'after'` instead.
(node:16352) [MONGOOSE] Warning: mongoose: the `new` option for `findOneAndUpdate()` and `findOneAndReplace()` is deprecated. Use `returnDocument: 'after'` instead.
(node:16352) [MONGOOSE] Warning: mongoose: the `new` option for `findOneAndUpdate()` and `findOneAndReplace()` is deprecated. Use `returnDocument: 'after'` instead.
(node:16352) [MONGOOSE] Warning: mongoose: the `new` option for `findOneAndUpdate()` and `findOneAndReplace()` is deprecated. Use `returnDocument: 'after'` instead.
(node:16352) [MONGOOSE] Warning: mongoose: the `new` option for `findOneAndUpdate()` and `findOneAndReplace()` is deprecated. Use `returnDocument: 'after'` instead.
(node:12216) [MONGOOSE] Warning: mongoose: the `new` option for `findOneAndUpdate()` and `findOneAndReplace()` is deprecated. Use `returnDocument: 'after'` instead.
(Use `node --trace-warnings ...` to show where the warning was created)
(node:12216) [MONGOOSE] Warning: mongoose: the `new` option for `findOneAndUpdate()` and `findOneAndReplace()` is deprecated. Use `returnDocument: 'after'` instead.
(node:12216) [MONGOOSE] Warning: mongoose: the `new` option for `findOneAndUpdate()` and `findOneAndReplace()` is deprecated. Use `returnDocument: 'after'` instead.
(node:12216) [MONGOOSE] Warning: mongoose: the `new` option for `findOneAndUpdate()` and `findOneAndReplace()` is deprecated. Use `returnDocument: 'after'` instead.
(node:12216) [MONGOOSE] Warning: mongoose: the `new` option for `findOneAndUpdate()` and `findOneAndReplace()` is deprecated. Use `returnDocument: 'after'` instead.
(node:12216) [MONGOOSE] Warning: mongoose: the `new` option for `findOneAndUpdate()` and `findOneAndReplace()` is deprecated. Use `returnDocument: 'after'` instead.
(node:12216) [MONGOOSE] Warning: mongoose: the `new` option for `findOneAndUpdate()` and `findOneAndReplace()` is deprecated. Use `returnDocument: 'after'` instead.
(node:12216) [MONGOOSE] Warning: mongoose: the `new` option for `findOneAndUpdate()` and `findOneAndReplace()` is deprecated. Use `returnDocument: 'after'` instead.
(node:12216) [MONGOOSE] Warning: mongoose: the `new` option for `findOneAndUpdate()` and `findOneAndReplace()` is deprecated. Use `returnDocument: 'after'` instead.
(node:12216) [MONGOOSE] Warning: mongoose: the `new` option for `findOneAndUpdate()` and `findOneAndReplace()` is deprecated. Use `returnDocument: 'after'` instead.
(node:12216) [MONGOOSE] Warning: mongoose: the `new` option for `findOneAndUpdate()` and `findOneAndReplace()` is deprecated. Use `returnDocument: 'after'` instead.
(node:5032) [MONGOOSE] Warning: mongoose: the `new` option for `findOneAndUpdate()` and `findOneAndReplace()` is deprecated. Use `returnDocument: 'after'` instead.
(Use `node --trace-warnings ...` to show where the warning was created)
(node:5032) [MONGOOSE] Warning: mongoose: the `new` option for `findOneAndUpdate()` and `findOneAndReplace()` is deprecated. Use `returnDocument: 'after'` instead.
(node:5032) [MONGOOSE] Warning: mongoose: the `new` option for `findOneAndUpdate()` and `findOneAndReplace()` is deprecated. Use `returnDocument: 'after'` instead.
(node:5032) [MONGOOSE] Warning: mongoose: the `new` option for `findOneAndUpdate()` and `findOneAndReplace()` is deprecated. Use `returnDocument: 'after'` instead.
(node:5032) [MONGOOSE] Warning: mongoose: the `new` option for `findOneAndUpdate()` and `findOneAndReplace()` is deprecated. Use `returnDocument: 'after'` instead.
(node:5032) [MONGOOSE] Warning: mongoose: the `new` option for `findOneAndUpdate()` and `findOneAndReplace()` is deprecated. Use `returnDocument: 'after'` instead.
(node:20048) [MONGOOSE] Warning: mongoose: the `new` option for `findOneAndUpdate()` and `findOneAndReplace()` is deprecated. Use `returnDocument: 'after'` instead.
(Use `node --trace-warnings ...` to show where the warning was created)
(node:20048) [MONGOOSE] Warning: mongoose: the `new` option for `findOneAndUpdate()` and `findOneAndReplace()` is deprecated. Use `returnDocument: 'after'` instead.
(node:20048) [MONGOOSE] Warning: mongoose: the `new` option for `findOneAndUpdate()` and `findOneAndReplace()` is deprecated. Use `returnDocument: 'after'` instead.
(node:20048) [MONGOOSE] Warning: mongoose: the `new` option for `findOneAndUpdate()` and `findOneAndReplace()` is deprecated. Use `returnDocument: 'after'` instead.
(node:20048) [MONGOOSE] Warning: mongoose: the `new` option for `findOneAndUpdate()` and `findOneAndReplace()` is deprecated. Use `returnDocument: 'after'` instead.
(node:20048) [MONGOOSE] Warning: mongoose: the `new` option for `findOneAndUpdate()` and `findOneAndReplace()` is deprecated. Use `returnDocument: 'after'` instead.
(node:20048) [MONGOOSE] Warning: mongoose: the `new` option for `findOneAndUpdate()` and `findOneAndReplace()` is deprecated. Use `returnDocument: 'after'` instead.
(node:20048) [MONGOOSE] Warning: mongoose: the `new` option for `findOneAndUpdate()` and `findOneAndReplace()` is deprecated. Use `returnDocument: 'after'` instead.
(node:20048) [MONGOOSE] Warning: mongoose: the `new` option for `findOneAndUpdate()` and `findOneAndReplace()` is deprecated. Use `returnDocument: 'after'` instead.
(node:20048) [MONGOOSE] Warning: mongoose: the `new` option for `findOneAndUpdate()` and `findOneAndReplace()` is deprecated. Use `returnDocument: 'after'` instead.
(node:20048) [MONGOOSE] Warning: mongoose: the `new` option for `findOneAndUpdate()` and `findOneAndReplace()` is deprecated. Use `returnDocument: 'after'` instead.
(node:10636) [MONGOOSE] Warning: mongoose: the `new` option for `findOneAndUpdate()` and `findOneAndReplace()` is deprecated. Use `returnDocument: 'after'` instead.
(Use `node --trace-warnings ...` to show where the warning was created)
(node:10636) [MONGOOSE] Warning: mongoose: the `new` option for `findOneAndUpdate()` and `findOneAndReplace()` is deprecated. Use `returnDocument: 'after'` instead.
(node:10636) [MONGOOSE] Warning: mongoose: the `new` option for `findOneAndUpdate()` and `findOneAndReplace()` is deprecated. Use `returnDocument: 'after'` instead.
(node:10636) [MONGOOSE] Warning: mongoose: the `new` option for `findOneAndUpdate()` and `findOneAndReplace()` is deprecated. Use `returnDocument: 'after'` instead.
(node:10636) [MONGOOSE] Warning: mongoose: the `new` option for `findOneAndUpdate()` and `findOneAndReplace()` is deprecated. Use `returnDocument: 'after'` instead.
(node:10636) [MONGOOSE] Warning: mongoose: the `new` option for `findOneAndUpdate()` and `findOneAndReplace()` is deprecated. Use `returnDocument: 'after'` instead.
(node:10636) [MONGOOSE] Warning: mongoose: the `new` option for `findOneAndUpdate()` and `findOneAndReplace()` is deprecated. Use `returnDocument: 'after'` instead.
(node:10636) [MONGOOSE] Warning: mongoose: the `new` option for `findOneAndUpdate()` and `findOneAndReplace()` is deprecated. Use `returnDocument: 'after'` instead.
(node:10636) [MONGOOSE] Warning: mongoose: the `new` option for `findOneAndUpdate()` and `findOneAndReplace()` is deprecated. Use `returnDocument: 'after'` instead.
(node:10636) [MONGOOSE] Warning: mongoose: the `new` option for `findOneAndUpdate()` and `findOneAndReplace()` is deprecated. Use `returnDocument: 'after'` instead.
(node:10636) [MONGOOSE] Warning: mongoose: the `new` option for `findOneAndUpdate()` and `findOneAndReplace()` is deprecated. Use `returnDocument: 'after'` instead.
(node:3328) [MONGOOSE] Warning: mongoose: the `new` option for `findOneAndUpdate()` and `findOneAndReplace()` is deprecated. Use `returnDocument: 'after'` instead.
(Use `node --trace-warnings ...` to show where the warning was created)
(node:3328) [MONGOOSE] Warning: mongoose: the `new` option for `findOneAndUpdate()` and `findOneAndReplace()` is deprecated. Use `returnDocument: 'after'` instead.
(node:3328) [MONGOOSE] Warning: mongoose: the `new` option for `findOneAndUpdate()` and `findOneAndReplace()` is deprecated. Use `returnDocument: 'after'` instead.
(node:3328) [MONGOOSE] Warning: mongoose: the `new` option for `findOneAndUpdate()` and `findOneAndReplace()` is deprecated. Use `returnDocument: 'after'` instead.
(node:3328) [MONGOOSE] Warning: mongoose: the `new` option for `findOneAndUpdate()` and `findOneAndReplace()` is deprecated. Use `returnDocument: 'after'` instead.
(node:3328) [MONGOOSE] Warning: mongoose: the `new` option for `findOneAndUpdate()` and `findOneAndReplace()` is deprecated. Use `returnDocument: 'after'` instead.
(node:3328) [MONGOOSE] Warning: mongoose: the `new` option for `findOneAndUpdate()` and `findOneAndReplace()` is deprecated. Use `returnDocument: 'after'` instead.
(node:3328) [MONGOOSE] Warning: mongoose: the `new` option for `findOneAndUpdate()` and `findOneAndReplace()` is deprecated. Use `returnDocument: 'after'` instead.
(node:3328) [MONGOOSE] Warning: mongoose: the `new` option for `findOneAndUpdate()` and `findOneAndReplace()` is deprecated. Use `returnDocument: 'after'` instead.
(node:3328) [MONGOOSE] Warning: mongoose: the `new` option for `findOneAndUpdate()` and `findOneAndReplace()` is deprecated. Use `returnDocument: 'after'` instead.
(node:3328) [MONGOOSE] Warning: mongoose: the `new` option for `findOneAndUpdate()` and `findOneAndReplace()` is deprecated. Use `returnDocument: 'after'` instead.
(node:15672) [MONGOOSE] Warning: mongoose: the `new` option for `findOneAndUpdate()` and `findOneAndReplace()` is deprecated. Use `returnDocument: 'after'` instead.
(Use `node --trace-warnings ...` to show where the warning was created)
(node:15672) [MONGOOSE] Warning: mongoose: the `new` option for `findOneAndUpdate()` and `findOneAndReplace()` is deprecated. Use `returnDocument: 'after'` instead.
(node:15672) [MONGOOSE] Warning: mongoose: the `new` option for `findOneAndUpdate()` and `findOneAndReplace()` is deprecated. Use `returnDocument: 'after'` instead.
(node:15672) [MONGOOSE] Warning: mongoose: the `new` option for `findOneAndUpdate()` and `findOneAndReplace()` is deprecated. Use `returnDocument: 'after'` instead.
(node:15672) [MONGOOSE] Warning: mongoose: the `new` option for `findOneAndUpdate()` and `findOneAndReplace()` is deprecated. Use `returnDocument: 'after'` instead.
(node:15672) [MONGOOSE] Warning: mongoose: the `new` option for `findOneAndUpdate()` and `findOneAndReplace()` is deprecated. Use `returnDocument: 'after'` instead.
(node:15672) [MONGOOSE] Warning: mongoose: the `new` option for `findOneAndUpdate()` and `findOneAndReplace()` is deprecated. Use `returnDocument: 'after'` instead.
(node:15672) [MONGOOSE] Warning: mongoose: the `new` option for `findOneAndUpdate()` and `findOneAndReplace()` is deprecated. Use `returnDocument: 'after'` instead.
(node:15672) [MONGOOSE] Warning: mongoose: the `new` option for `findOneAndUpdate()` and `findOneAndReplace()` is deprecated. Use `returnDocument: 'after'` instead.
(node:15672) [MONGOOSE] Warning: mongoose: the `new` option for `findOneAndUpdate()` and `findOneAndReplace()` is deprecated. Use `returnDocument: 'after'` instead.
(node:15672) [MONGOOSE] Warning: mongoose: the `new` option for `findOneAndUpdate()` and `findOneAndReplace()` is deprecated. Use `returnDocument: 'after'` instead.
(node:9504) [MONGOOSE] Warning: mongoose: the `new` option for `findOneAndUpdate()` and `findOneAndReplace()` is deprecated. Use `returnDocument: 'after'` instead.
(Use `node --trace-warnings ...` to show where the warning was created)
(node:9504) [MONGOOSE] Warning: mongoose: the `new` option for `findOneAndUpdate()` and `findOneAndReplace()` is deprecated. Use `returnDocument: 'after'` instead.
(node:9504) [MONGOOSE] Warning: mongoose: the `new` option for `findOneAndUpdate()` and `findOneAndReplace()` is deprecated. Use `returnDocument: 'after'` instead.
(node:9504) [MONGOOSE] Warning: mongoose: the `new` option for `findOneAndUpdate()` and `findOneAndReplace()` is deprecated. Use `returnDocument: 'after'` instead.
(node:9504) [MONGOOSE] Warning: mongoose: the `new` option for `findOneAndUpdate()` and `findOneAndReplace()` is deprecated. Use `returnDocument: 'after'` instead.
(node:9504) [MONGOOSE] Warning: mongoose: the `new` option for `findOneAndUpdate()` and `findOneAndReplace()` is deprecated. Use `returnDocument: 'after'` instead.
(node:9504) [MONGOOSE] Warning: mongoose: the `new` option for `findOneAndUpdate()` and `findOneAndReplace()` is deprecated. Use `returnDocument: 'after'` instead.
(node:9504) [MONGOOSE] Warning: mongoose: the `new` option for `findOneAndUpdate()` and `findOneAndReplace()` is deprecated. Use `returnDocument: 'after'` instead.
(node:9504) [MONGOOSE] Warning: mongoose: the `new` option for `findOneAndUpdate()` and `findOneAndReplace()` is deprecated. Use `returnDocument: 'after'` instead.
(node:9504) [MONGOOSE] Warning: mongoose: the `new` option for `findOneAndUpdate()` and `findOneAndReplace()` is deprecated. Use `returnDocument: 'after'` instead.
(node:9504) [MONGOOSE] Warning: mongoose: the `new` option for `findOneAndUpdate()` and `findOneAndReplace()` is deprecated. Use `returnDocument: 'after'` instead.
(node:11756) [MONGOOSE] Warning: mongoose: the `new` option for `findOneAndUpdate()` and `findOneAndReplace()` is deprecated. Use `returnDocument: 'after'` instead.
(Use `node --trace-warnings ...` to show where the warning was created)
(node:11756) [MONGOOSE] Warning: mongoose: the `new` option for `findOneAndUpdate()` and `findOneAndReplace()` is deprecated. Use `returnDocument: 'after'` instead.
(node:11756) [MONGOOSE] Warning: mongoose: the `new` option for `findOneAndUpdate()` and `findOneAndReplace()` is deprecated. Use `returnDocument: 'after'` instead.
(node:11756) [MONGOOSE] Warning: mongoose: the `new` option for `findOneAndUpdate()` and `findOneAndReplace()` is deprecated. Use `returnDocument: 'after'` instead.
(node:11756) [MONGOOSE] Warning: mongoose: the `new` option for `findOneAndUpdate()` and `findOneAndReplace()` is deprecated. Use `returnDocument: 'after'` instead.
(node:11756) [MONGOOSE] Warning: mongoose: the `new` option for `findOneAndUpdate()` and `findOneAndReplace()` is deprecated. Use `returnDocument: 'after'` instead.
(node:11756) [MONGOOSE] Warning: mongoose: the `new` option for `findOneAndUpdate()` and `findOneAndReplace()` is deprecated. Use `returnDocument: 'after'` instead.
(node:11756) [MONGOOSE] Warning: mongoose: the `new` option for `findOneAndUpdate()` and `findOneAndReplace()` is deprecated. Use `returnDocument: 'after'` instead.
(node:11756) [MONGOOSE] Warning: mongoose: the `new` option for `findOneAndUpdate()` and `findOneAndReplace()` is deprecated. Use `returnDocument: 'after'` instead.
(node:11756) [MONGOOSE] Warning: mongoose: the `new` option for `findOneAndUpdate()` and `findOneAndReplace()` is deprecated. Use `returnDocument: 'after'` instead.
(node:11756) [MONGOOSE] Warning: mongoose: the `new` option for `findOneAndUpdate()` and `findOneAndReplace()` is deprecated. Use `returnDocument: 'after'` instead.
(node:11192) [MONGOOSE] Warning: mongoose: the `new` option for `findOneAndUpdate()` and `findOneAndReplace()` is deprecated. Use `returnDocument: 'after'` instead.
(Use `node --trace-warnings ...` to show where the warning was created)
(node:11192) [MONGOOSE] Warning: mongoose: the `new` option for `findOneAndUpdate()` and `findOneAndReplace()` is deprecated. Use `returnDocument: 'after'` instead.
(node:11192) [MONGOOSE] Warning: mongoose: the `new` option for `findOneAndUpdate()` and `findOneAndReplace()` is deprecated. Use `returnDocument: 'after'` instead.
(node:11192) [MONGOOSE] Warning: mongoose: the `new` option for `findOneAndUpdate()` and `findOneAndReplace()` is deprecated. Use `returnDocument: 'after'` instead.
(node:11192) [MONGOOSE] Warning: mongoose: the `new` option for `findOneAndUpdate()` and `findOneAndReplace()` is deprecated. Use `returnDocument: 'after'` instead.
(node:11192) [MONGOOSE] Warning: mongoose: the `new` option for `findOneAndUpdate()` and `findOneAndReplace()` is deprecated. Use `returnDocument: 'after'` instead.
(node:11192) [MONGOOSE] Warning: mongoose: the `new` option for `findOneAndUpdate()` and `findOneAndReplace()` is deprecated. Use `returnDocument: 'after'` instead.
(node:11192) [MONGOOSE] Warning: mongoose: the `new` option for `findOneAndUpdate()` and `findOneAndReplace()` is deprecated. Use `returnDocument: 'after'` instead.
(node:11192) [MONGOOSE] Warning: mongoose: the `new` option for `findOneAndUpdate()` and `findOneAndReplace()` is deprecated. Use `returnDocument: 'after'` instead.
(node:11192) [MONGOOSE] Warning: mongoose: the `new` option for `findOneAndUpdate()` and `findOneAndReplace()` is deprecated. Use `returnDocument: 'after'` instead.
(node:11192) [MONGOOSE] Warning: mongoose: the `new` option for `findOneAndUpdate()` and `findOneAndReplace()` is deprecated. Use `returnDocument: 'after'` instead.
(node:16792) [MONGOOSE] Warning: mongoose: the `new` option for `findOneAndUpdate()` and `findOneAndReplace()` is deprecated. Use `returnDocument: 'after'` instead.
(Use `node --trace-warnings ...` to show where the warning was created)
(node:16792) [MONGOOSE] Warning: mongoose: the `new` option for `findOneAndUpdate()` and `findOneAndReplace()` is deprecated. Use `returnDocument: 'after'` instead.
(node:16792) [MONGOOSE] Warning: mongoose: the `new` option for `findOneAndUpdate()` and `findOneAndReplace()` is deprecated. Use `returnDocument: 'after'` instead.
(node:16792) [MONGOOSE] Warning: mongoose: the `new` option for `findOneAndUpdate()` and `findOneAndReplace()` is deprecated. Use `returnDocument: 'after'` instead.
(node:16792) [MONGOOSE] Warning: mongoose: the `new` option for `findOneAndUpdate()` and `findOneAndReplace()` is deprecated. Use `returnDocument: 'after'` instead.
(node:16792) [MONGOOSE] Warning: mongoose: the `new` option for `findOneAndUpdate()` and `findOneAndReplace()` is deprecated. Use `returnDocument: 'after'` instead.
(node:16792) [MONGOOSE] Warning: mongoose: the `new` option for `findOneAndUpdate()` and `findOneAndReplace()` is deprecated. Use `returnDocument: 'after'` instead.
(node:16792) [MONGOOSE] Warning: mongoose: the `new` option for `findOneAndUpdate()` and `findOneAndReplace()` is deprecated. Use `returnDocument: 'after'` instead.
(node:16792) [MONGOOSE] Warning: mongoose: the `new` option for `findOneAndUpdate()` and `findOneAndReplace()` is deprecated. Use `returnDocument: 'after'` instead.
(node:16792) [MONGOOSE] Warning: mongoose: the `new` option for `findOneAndUpdate()` and `findOneAndReplace()` is deprecated. Use `returnDocument: 'after'` instead.
(node:16792) [MONGOOSE] Warning: mongoose: the `new` option for `findOneAndUpdate()` and `findOneAndReplace()` is deprecated. Use `returnDocument: 'after'` instead.
(node:15616) [MONGOOSE] Warning: mongoose: the `new` option for `findOneAndUpdate()` and `findOneAndReplace()` is deprecated. Use `returnDocument: 'after'` instead.
(Use `node --trace-warnings ...` to show where the warning was created)
(node:15616) [MONGOOSE] Warning: mongoose: the `new` option for `findOneAndUpdate()` and `findOneAndReplace()` is deprecated. Use `returnDocument: 'after'` instead.
(node:15616) [MONGOOSE] Warning: mongoose: the `new` option for `findOneAndUpdate()` and `findOneAndReplace()` is deprecated. Use `returnDocument: 'after'` instead.
(node:15616) [MONGOOSE] Warning: mongoose: the `new` option for `findOneAndUpdate()` and `findOneAndReplace()` is deprecated. Use `returnDocument: 'after'` instead.
(node:15616) [MONGOOSE] Warning: mongoose: the `new` option for `findOneAndUpdate()` and `findOneAndReplace()` is deprecated. Use `returnDocument: 'after'` instead.
(node:15616) [MONGOOSE] Warning: mongoose: the `new` option for `findOneAndUpdate()` and `findOneAndReplace()` is deprecated. Use `returnDocument: 'after'` instead.
(node:15616) [MONGOOSE] Warning: mongoose: the `new` option for `findOneAndUpdate()` and `findOneAndReplace()` is deprecated. Use `returnDocument: 'after'` instead.
(node:15616) [MONGOOSE] Warning: mongoose: the `new` option for `findOneAndUpdate()` and `findOneAndReplace()` is deprecated. Use `returnDocument: 'after'` instead.
(node:15616) [MONGOOSE] Warning: mongoose: the `new` option for `findOneAndUpdate()` and `findOneAndReplace()` is deprecated. Use `returnDocument: 'after'` instead.
(node:15616) [MONGOOSE] Warning: mongoose: the `new` option for `findOneAndUpdate()` and `findOneAndReplace()` is deprecated. Use `returnDocument: 'after'` instead.
(node:15616) [MONGOOSE] Warning: mongoose: the `new` option for `findOneAndUpdate()` and `findOneAndReplace()` is deprecated. Use `returnDocument: 'after'` instead.
(node:15744) [MONGOOSE] Warning: mongoose: the `new` option for `findOneAndUpdate()` and `findOneAndReplace()` is deprecated. Use `returnDocument: 'after'` instead.
(Use `node --trace-warnings ...` to show where the warning was created)
(node:15744) [MONGOOSE] Warning: mongoose: the `new` option for `findOneAndUpdate()` and `findOneAndReplace()` is deprecated. Use `returnDocument: 'after'` instead.
(node:15744) [MONGOOSE] Warning: mongoose: the `new` option for `findOneAndUpdate()` and `findOneAndReplace()` is deprecated. Use `returnDocument: 'after'` instead.
(node:15744) [MONGOOSE] Warning: mongoose: the `new` option for `findOneAndUpdate()` and `findOneAndReplace()` is deprecated. Use `returnDocument: 'after'` instead.
(node:15744) [MONGOOSE] Warning: mongoose: the `new` option for `findOneAndUpdate()` and `findOneAndReplace()` is deprecated. Use `returnDocument: 'after'` instead.
(node:15744) [MONGOOSE] Warning: mongoose: the `new` option for `findOneAndUpdate()` and `findOneAndReplace()` is deprecated. Use `returnDocument: 'after'` instead.
(node:15744) [MONGOOSE] Warning: mongoose: the `new` option for `findOneAndUpdate()` and `findOneAndReplace()` is deprecated. Use `returnDocument: 'after'` instead.
(node:15744) [MONGOOSE] Warning: mongoose: the `new` option for `findOneAndUpdate()` and `findOneAndReplace()` is deprecated. Use `returnDocument: 'after'` instead.
(node:15744) [MONGOOSE] Warning: mongoose: the `new` option for `findOneAndUpdate()` and `findOneAndReplace()` is deprecated. Use `returnDocument: 'after'` instead.
(node:15744) [MONGOOSE] Warning: mongoose: the `new` option for `findOneAndUpdate()` and `findOneAndReplace()` is deprecated. Use `returnDocument: 'after'` instead.
(node:15744) [MONGOOSE] Warning: mongoose: the `new` option for `findOneAndUpdate()` and `findOneAndReplace()` is deprecated. Use `returnDocument: 'after'` instead.
(node:12136) [MONGOOSE] Warning: mongoose: the `new` option for `findOneAndUpdate()` and `findOneAndReplace()` is deprecated. Use `returnDocument: 'after'` instead.
(Use `node --trace-warnings ...` to show where the warning was created)
(node:12136) [MONGOOSE] Warning: mongoose: the `new` option for `findOneAndUpdate()` and `findOneAndReplace()` is deprecated. Use `returnDocument: 'after'` instead.
(node:12136) [MONGOOSE] Warning: mongoose: the `new` option for `findOneAndUpdate()` and `findOneAndReplace()` is deprecated. Use `returnDocument: 'after'` instead.
(node:12136) [MONGOOSE] Warning: mongoose: the `new` option for `findOneAndUpdate()` and `findOneAndReplace()` is deprecated. Use `returnDocument: 'after'` instead.
(node:12136) [MONGOOSE] Warning: mongoose: the `new` option for `findOneAndUpdate()` and `findOneAndReplace()` is deprecated. Use `returnDocument: 'after'` instead.
(node:12136) [MONGOOSE] Warning: mongoose: the `new` option for `findOneAndUpdate()` and `findOneAndReplace()` is deprecated. Use `returnDocument: 'after'` instead.
(node:12136) [MONGOOSE] Warning: mongoose: the `new` option for `findOneAndUpdate()` and `findOneAndReplace()` is deprecated. Use `returnDocument: 'after'` instead.
(node:12136) [MONGOOSE] Warning: mongoose: the `new` option for `findOneAndUpdate()` and `findOneAndReplace()` is deprecated. Use `returnDocument: 'after'` instead.
(node:12136) [MONGOOSE] Warning: mongoose: the `new` option for `findOneAndUpdate()` and `findOneAndReplace()` is deprecated. Use `returnDocument: 'after'` instead.
(node:12136) [MONGOOSE] Warning: mongoose: the `new` option for `findOneAndUpdate()` and `findOneAndReplace()` is deprecated. Use `returnDocument: 'after'` instead.
(node:12136) [MONGOOSE] Warning: mongoose: the `new` option for `findOneAndUpdate()` and `findOneAndReplace()` is deprecated. Use `returnDocument: 'after'` instead.
[2026-04-16T04:47:50.412Z] [WARN] SMTP not configured. Email skipped. {"recipient":"jayanth.se23@bitsathy.ac.in","subject":"New Request Submitted for Approval","eventType":"request_submission"}
